<?xml version="1.0" encoding="UTF-8"?>
<coverage generated="1597940285545" clover="3.2.0">
  <project timestamp="1597940285545" name="All files">
    <metrics statements="189" coveredstatements="177" conditionals="70" coveredconditionals="52" methods="54" coveredmethods="54" elements="313" coveredelements="283" complexity="0" loc="189" ncloc="189" packages="1" files="5" classes="5"/>
    <file name="Items.js" path="/home/theosakram/Documents/JavaScript/phase3/w3-4/final project/server/logic/Items.js">
      <metrics statements="5" coveredstatements="5" conditionals="0" coveredconditionals="0" methods="4" coveredmethods="4"/>
      <line num="3" count="24" type="stmt"/>
      <line num="9" count="8" type="stmt"/>
      <line num="15" count="8" type="stmt"/>
      <line num="21" count="8" type="stmt"/>
      <line num="25" count="8" type="stmt"/>
    </file>
    <file name="LuxuryItems.js" path="/home/theosakram/Documents/JavaScript/phase3/w3-4/final project/server/logic/LuxuryItems.js">
      <metrics statements="19" coveredstatements="19" conditionals="2" coveredconditionals="2" methods="10" coveredmethods="10"/>
      <line num="3" count="34" type="stmt"/>
      <line num="9" count="8" type="stmt"/>
      <line num="10" count="8" type="stmt"/>
      <line num="14" count="1" type="stmt"/>
      <line num="20" count="9" type="stmt"/>
      <line num="21" count="9" type="stmt"/>
      <line num="24" count="2" type="stmt"/>
      <line num="25" count="4" type="cond" truecount="2" falsecount="0"/>
      <line num="26" count="3" type="stmt"/>
      <line num="34" count="9" type="stmt"/>
      <line num="35" count="9" type="stmt"/>
      <line num="39" count="1" type="stmt"/>
      <line num="40" count="2" type="stmt"/>
      <line num="47" count="8" type="stmt"/>
      <line num="48" count="8" type="stmt"/>
      <line num="52" count="1" type="stmt"/>
      <line num="53" count="2" type="stmt"/>
      <line num="60" count="8" type="stmt"/>
      <line num="64" count="8" type="stmt"/>
    </file>
    <file name="Module.js" path="/home/theosakram/Documents/JavaScript/phase3/w3-4/final project/server/logic/Module.js">
      <metrics statements="13" coveredstatements="13" conditionals="0" coveredconditionals="0" methods="0" coveredmethods="0"/>
      <line num="2" count="8" type="stmt"/>
      <line num="4" count="8" type="stmt"/>
      <line num="5" count="8" type="stmt"/>
      <line num="6" count="8" type="stmt"/>
      <line num="8" count="8" type="stmt"/>
      <line num="17" count="8" type="stmt"/>
      <line num="19" count="8" type="stmt"/>
      <line num="20" count="8" type="stmt"/>
      <line num="21" count="8" type="stmt"/>
      <line num="22" count="8" type="stmt"/>
      <line num="23" count="8" type="stmt"/>
      <line num="25" count="8" type="stmt"/>
      <line num="27" count="8" type="stmt"/>
    </file>
    <file name="Player.js" path="/home/theosakram/Documents/JavaScript/phase3/w3-4/final project/server/logic/Player.js">
      <metrics statements="56" coveredstatements="49" conditionals="26" coveredconditionals="14" methods="12" coveredmethods="12"/>
      <line num="1" count="8" type="stmt"/>
      <line num="2" count="8" type="stmt"/>
      <line num="6" count="21" type="stmt"/>
      <line num="7" count="21" type="stmt"/>
      <line num="8" count="21" type="stmt"/>
      <line num="9" count="21" type="stmt"/>
      <line num="10" count="21" type="stmt"/>
      <line num="11" count="21" type="stmt"/>
      <line num="12" count="21" type="stmt"/>
      <line num="13" count="21" type="stmt"/>
      <line num="14" count="21" type="stmt"/>
      <line num="15" count="21" type="stmt"/>
      <line num="16" count="21" type="stmt"/>
      <line num="17" count="21" type="stmt"/>
      <line num="18" count="21" type="stmt"/>
      <line num="19" count="21" type="stmt"/>
      <line num="23" count="21" type="stmt"/>
      <line num="24" count="63" type="stmt"/>
      <line num="33" count="6" type="stmt"/>
      <line num="34" count="3" type="cond" truecount="2" falsecount="0"/>
      <line num="35" count="2" type="cond" truecount="2" falsecount="2"/>
      <line num="36" count="2" type="stmt"/>
      <line num="37" count="2" type="stmt"/>
      <line num="39" count="0" type="stmt"/>
      <line num="40" count="0" type="stmt"/>
      <line num="41" count="0" type="stmt"/>
      <line num="43" count="1" type="stmt"/>
      <line num="47" count="21" type="cond" truecount="2" falsecount="0"/>
      <line num="51" count="22" type="cond" truecount="2" falsecount="0"/>
      <line num="63" count="1" type="stmt"/>
      <line num="64" count="1" type="stmt"/>
      <line num="68" count="1" type="stmt"/>
      <line num="69" count="2" type="cond" truecount="1" falsecount="1"/>
      <line num="70" count="0" type="stmt"/>
      <line num="71" count="0" type="stmt"/>
      <line num="77" count="2" type="stmt"/>
      <line num="83" count="42" type="stmt"/>
      <line num="84" count="42" type="stmt"/>
      <line num="85" count="42" type="stmt"/>
      <line num="86" count="42" type="stmt"/>
      <line num="87" count="42" type="stmt"/>
      <line num="88" count="42" type="stmt"/>
      <line num="89" count="42" type="stmt"/>
      <line num="93" count="1" type="stmt"/>
      <line num="94" count="1" type="cond" truecount="1" falsecount="1"/>
      <line num="95" count="1" type="cond" truecount="1" falsecount="1"/>
      <line num="96" count="0" type="stmt"/>
      <line num="97" count="0" type="stmt"/>
      <line num="99" count="1" type="stmt"/>
      <line num="100" count="1" type="cond" truecount="1" falsecount="1"/>
      <line num="101" count="1" type="cond" truecount="1" falsecount="1"/>
      <line num="102" count="1" type="stmt"/>
      <line num="103" count="1" type="stmt"/>
      <line num="109" count="20" type="stmt"/>
      <line num="110" count="20" type="stmt"/>
      <line num="114" count="8" type="stmt"/>
    </file>
    <file name="Tiles.js" path="/home/theosakram/Documents/JavaScript/phase3/w3-4/final project/server/logic/Tiles.js">
      <metrics statements="96" coveredstatements="91" conditionals="42" coveredconditionals="36" methods="28" coveredmethods="28"/>
      <line num="1" count="8" type="stmt"/>
      <line num="5" count="8" type="stmt"/>
      <line num="11" count="2" type="stmt"/>
      <line num="12" count="2" type="stmt"/>
      <line num="13" count="2" type="stmt"/>
      <line num="14" count="2" type="stmt"/>
      <line num="18" count="2" type="cond" truecount="2" falsecount="0"/>
      <line num="19" count="1" type="stmt"/>
      <line num="20" count="1" type="stmt"/>
      <line num="22" count="1" type="stmt"/>
      <line num="27" count="2" type="stmt"/>
      <line num="28" count="10" type="stmt"/>
      <line num="33" count="10" type="stmt"/>
      <line num="34" count="5" type="cond" truecount="2" falsecount="0"/>
      <line num="35" count="4" type="stmt"/>
      <line num="36" count="20" type="stmt"/>
      <line num="37" count="4" type="cond" truecount="2" falsecount="0"/>
      <line num="38" count="3" type="stmt"/>
      <line num="39" count="3" type="stmt"/>
      <line num="41" count="3" type="cond" truecount="2" falsecount="0"/>
      <line num="45" count="2" type="stmt"/>
      <line num="47" count="1" type="stmt"/>
      <line num="48" count="1" type="stmt"/>
      <line num="54" count="2" type="stmt"/>
      <line num="55" count="2" type="stmt"/>
      <line num="56" count="2" type="stmt"/>
      <line num="57" count="2" type="stmt"/>
      <line num="61" count="2" type="stmt"/>
      <line num="62" count="6" type="stmt"/>
      <line num="63" count="6" type="cond" truecount="5" falsecount="1"/>
      <line num="66" count="2" type="stmt"/>
      <line num="67" count="6" type="stmt"/>
      <line num="73" count="2" type="stmt"/>
      <line num="77" count="6" type="stmt"/>
      <line num="78" count="3" type="cond" truecount="2" falsecount="0"/>
      <line num="79" count="1" type="stmt"/>
      <line num="80" count="1" type="stmt"/>
      <line num="81" count="3" type="cond" truecount="2" falsecount="0"/>
      <line num="87" count="1" type="stmt"/>
      <line num="88" count="1" type="stmt"/>
      <line num="90" count="1" type="stmt"/>
      <line num="93" count="2" type="stmt"/>
      <line num="99" count="1" type="stmt"/>
      <line num="100" count="1" type="stmt"/>
      <line num="101" count="1" type="stmt"/>
      <line num="102" count="1" type="stmt"/>
      <line num="106" count="1" type="stmt"/>
      <line num="107" count="3" type="stmt"/>
      <line num="115" count="6" type="stmt"/>
      <line num="116" count="3" type="cond" truecount="2" falsecount="0"/>
      <line num="117" count="1" type="stmt"/>
      <line num="118" count="1" type="stmt"/>
      <line num="119" count="3" type="stmt"/>
      <line num="120" count="3" type="stmt"/>
      <line num="122" count="2" type="stmt"/>
      <line num="128" count="1" type="stmt"/>
      <line num="129" count="1" type="stmt"/>
      <line num="130" count="1" type="stmt"/>
      <line num="134" count="10" type="stmt"/>
      <line num="135" count="5" type="cond" truecount="2" falsecount="0"/>
      <line num="136" count="3" type="cond" truecount="2" falsecount="0"/>
      <line num="137" count="1" type="stmt"/>
      <line num="138" count="1" type="stmt"/>
      <line num="139" count="3" type="stmt"/>
      <line num="140" count="3" type="stmt"/>
      <line num="142" count="1" type="stmt"/>
      <line num="143" count="3" type="stmt"/>
      <line num="144" count="3" type="stmt"/>
      <line num="146" count="1" type="cond" truecount="1" falsecount="1"/>
      <line num="147" count="1" type="stmt"/>
      <line num="148" count="1" type="stmt"/>
      <line num="149" count="0" type="cond" truecount="0" falsecount="2"/>
      <line num="150" count="0" type="stmt"/>
      <line num="151" count="0" type="stmt"/>
      <line num="152" count="0" type="cond" truecount="0" falsecount="2"/>
      <line num="153" count="0" type="stmt"/>
      <line num="155" count="2" type="stmt"/>
      <line num="156" count="2" type="stmt"/>
      <line num="162" count="1" type="stmt"/>
      <line num="163" count="1" type="stmt"/>
      <line num="167" count="1" type="stmt"/>
      <line num="168" count="1" type="stmt"/>
      <line num="174" count="1" type="stmt"/>
      <line num="175" count="1" type="stmt"/>
      <line num="179" count="14" type="stmt"/>
      <line num="180" count="7" type="cond" truecount="2" falsecount="0"/>
      <line num="181" count="5" type="cond" truecount="2" falsecount="0"/>
      <line num="182" count="3" type="stmt"/>
      <line num="183" count="3" type="cond" truecount="2" falsecount="0"/>
      <line num="184" count="1" type="stmt"/>
      <line num="185" count="1" type="stmt"/>
      <line num="186" count="1" type="stmt"/>
      <line num="187" count="2" type="stmt"/>
      <line num="188" count="2" type="stmt"/>
      <line num="189" count="2" type="stmt"/>
      <line num="193" count="8" type="stmt"/>
    </file>
  </project>
</coverage>
