<?xml version="1.0" encoding="UTF-8"?>
<coverage generated="1597988589919" clover="3.2.0">
  <project timestamp="1597988589919" name="All files">
    <metrics statements="232" coveredstatements="222" conditionals="92" coveredconditionals="77" methods="63" coveredmethods="63" elements="387" coveredelements="362" complexity="0" loc="232" ncloc="232" packages="1" files="6" classes="6"/>
    <file name="Items.js" path="/home/theosakram/Documents/JavaScript/phase3/w3-4/final project/server/logic/Items.js">
      <metrics statements="5" coveredstatements="5" conditionals="0" coveredconditionals="0" methods="4" coveredmethods="4"/>
      <line num="3" count="27" type="stmt"/>
      <line num="9" count="9" type="stmt"/>
      <line num="15" count="9" type="stmt"/>
      <line num="21" count="9" type="stmt"/>
      <line num="25" count="9" type="stmt"/>
    </file>
    <file name="LuxuryItems.js" path="/home/theosakram/Documents/JavaScript/phase3/w3-4/final project/server/logic/LuxuryItems.js">
      <metrics statements="18" coveredstatements="18" conditionals="0" coveredconditionals="0" methods="10" coveredmethods="10"/>
      <line num="3" count="39" type="stmt"/>
      <line num="9" count="9" type="stmt"/>
      <line num="10" count="9" type="stmt"/>
      <line num="14" count="1" type="stmt"/>
      <line num="20" count="11" type="stmt"/>
      <line num="21" count="11" type="stmt"/>
      <line num="24" count="3" type="stmt"/>
      <line num="25" count="6" type="stmt"/>
      <line num="32" count="10" type="stmt"/>
      <line num="33" count="10" type="stmt"/>
      <line num="37" count="1" type="stmt"/>
      <line num="38" count="2" type="stmt"/>
      <line num="45" count="9" type="stmt"/>
      <line num="46" count="9" type="stmt"/>
      <line num="50" count="1" type="stmt"/>
      <line num="51" count="2" type="stmt"/>
      <line num="58" count="9" type="stmt"/>
      <line num="62" count="9" type="stmt"/>
    </file>
    <file name="Module.js" path="/home/theosakram/Documents/JavaScript/phase3/w3-4/final project/server/logic/Module.js">
      <metrics statements="13" coveredstatements="13" conditionals="0" coveredconditionals="0" methods="0" coveredmethods="0"/>
      <line num="2" count="9" type="stmt"/>
      <line num="4" count="9" type="stmt"/>
      <line num="5" count="9" type="stmt"/>
      <line num="6" count="9" type="stmt"/>
      <line num="8" count="9" type="stmt"/>
      <line num="17" count="9" type="stmt"/>
      <line num="19" count="9" type="stmt"/>
      <line num="20" count="9" type="stmt"/>
      <line num="21" count="9" type="stmt"/>
      <line num="22" count="9" type="stmt"/>
      <line num="23" count="9" type="stmt"/>
      <line num="25" count="9" type="stmt"/>
      <line num="27" count="9" type="stmt"/>
    </file>
    <file name="Player.js" path="/home/theosakram/Documents/JavaScript/phase3/w3-4/final project/server/logic/Player.js">
      <metrics statements="60" coveredstatements="54" conditionals="28" coveredconditionals="18" methods="11" coveredmethods="11"/>
      <line num="1" count="9" type="stmt"/>
      <line num="5" count="30" type="stmt"/>
      <line num="6" count="30" type="stmt"/>
      <line num="7" count="30" type="stmt"/>
      <line num="8" count="30" type="stmt"/>
      <line num="9" count="30" type="stmt"/>
      <line num="10" count="30" type="stmt"/>
      <line num="11" count="30" type="stmt"/>
      <line num="12" count="30" type="stmt"/>
      <line num="13" count="30" type="stmt"/>
      <line num="14" count="30" type="stmt"/>
      <line num="15" count="30" type="stmt"/>
      <line num="16" count="30" type="stmt"/>
      <line num="17" count="30" type="stmt"/>
      <line num="18" count="30" type="stmt"/>
      <line num="22" count="30" type="stmt"/>
      <line num="23" count="90" type="stmt"/>
      <line num="32" count="6" type="cond" truecount="2" falsecount="0"/>
      <line num="33" count="10" type="stmt"/>
      <line num="34" count="5" type="cond" truecount="2" falsecount="0"/>
      <line num="35" count="4" type="cond" truecount="4" falsecount="0"/>
      <line num="36" count="2" type="stmt"/>
      <line num="37" count="2" type="stmt"/>
      <line num="39" count="2" type="stmt"/>
      <line num="40" count="2" type="stmt"/>
      <line num="41" count="2" type="stmt"/>
      <line num="43" count="4" type="stmt"/>
      <line num="44" count="1" type="stmt"/>
      <line num="45" count="1" type="stmt"/>
      <line num="49" count="31" type="cond" truecount="2" falsecount="0"/>
      <line num="61" count="2" type="cond" truecount="2" falsecount="0"/>
      <line num="62" count="1" type="stmt"/>
      <line num="63" count="1" type="stmt"/>
      <line num="64" count="1" type="stmt"/>
      <line num="65" count="1" type="stmt"/>
      <line num="69" count="1" type="stmt"/>
      <line num="70" count="2" type="cond" truecount="1" falsecount="1"/>
      <line num="71" count="0" type="stmt"/>
      <line num="72" count="0" type="stmt"/>
      <line num="78" count="2" type="stmt"/>
      <line num="84" count="60" type="stmt"/>
      <line num="85" count="60" type="stmt"/>
      <line num="86" count="60" type="stmt"/>
      <line num="87" count="60" type="stmt"/>
      <line num="88" count="60" type="stmt"/>
      <line num="89" count="60" type="stmt"/>
      <line num="90" count="60" type="stmt"/>
      <line num="94" count="1" type="stmt"/>
      <line num="95" count="1" type="cond" truecount="1" falsecount="1"/>
      <line num="96" count="1" type="cond" truecount="1" falsecount="1"/>
      <line num="97" count="0" type="stmt"/>
      <line num="98" count="0" type="stmt"/>
      <line num="100" count="1" type="stmt"/>
      <line num="101" count="1" type="cond" truecount="1" falsecount="1"/>
      <line num="102" count="1" type="cond" truecount="1" falsecount="1"/>
      <line num="103" count="0" type="stmt"/>
      <line num="104" count="0" type="stmt"/>
      <line num="110" count="20" type="stmt"/>
      <line num="111" count="20" type="stmt"/>
      <line num="115" count="9" type="stmt"/>
    </file>
    <file name="Tiles.js" path="/home/theosakram/Documents/JavaScript/phase3/w3-4/final project/server/logic/Tiles.js">
      <metrics statements="119" coveredstatements="115" conditionals="56" coveredconditionals="51" methods="29" coveredmethods="29"/>
      <line num="1" count="8" type="stmt"/>
      <line num="5" count="10" type="stmt"/>
      <line num="11" count="3" type="stmt"/>
      <line num="12" count="3" type="stmt"/>
      <line num="13" count="3" type="stmt"/>
      <line num="14" count="3" type="stmt"/>
      <line num="18" count="4" type="cond" truecount="2" falsecount="0"/>
      <line num="19" count="6" type="stmt"/>
      <line num="20" count="3" type="cond" truecount="2" falsecount="0"/>
      <line num="21" count="2" type="cond" truecount="2" falsecount="0"/>
      <line num="22" count="1" type="stmt"/>
      <line num="23" count="1" type="stmt"/>
      <line num="24" count="1" type="stmt"/>
      <line num="25" count="1" type="stmt"/>
      <line num="26" count="1" type="stmt"/>
      <line num="27" count="1" type="stmt"/>
      <line num="28" count="1" type="stmt"/>
      <line num="32" count="3" type="stmt"/>
      <line num="33" count="15" type="stmt"/>
      <line num="38" count="6" type="cond" truecount="2" falsecount="0"/>
      <line num="39" count="10" type="stmt"/>
      <line num="40" count="5" type="cond" truecount="2" falsecount="0"/>
      <line num="41" count="4" type="stmt"/>
      <line num="42" count="20" type="stmt"/>
      <line num="44" count="4" type="cond" truecount="2" falsecount="0"/>
      <line num="45" count="3" type="stmt"/>
      <line num="46" count="3" type="stmt"/>
      <line num="47" count="3" type="stmt"/>
      <line num="48" count="3" type="stmt"/>
      <line num="50" count="3" type="cond" truecount="2" falsecount="0"/>
      <line num="54" count="2" type="stmt"/>
      <line num="56" count="1" type="stmt"/>
      <line num="57" count="1" type="stmt"/>
      <line num="58" count="1" type="stmt"/>
      <line num="64" count="3" type="stmt"/>
      <line num="65" count="3" type="stmt"/>
      <line num="66" count="3" type="stmt"/>
      <line num="67" count="3" type="stmt"/>
      <line num="71" count="3" type="stmt"/>
      <line num="72" count="9" type="stmt"/>
      <line num="73" count="9" type="cond" truecount="6" falsecount="0"/>
      <line num="76" count="3" type="stmt"/>
      <line num="77" count="9" type="stmt"/>
      <line num="83" count="3" type="stmt"/>
      <line num="87" count="4" type="cond" truecount="2" falsecount="0"/>
      <line num="88" count="6" type="stmt"/>
      <line num="89" count="3" type="cond" truecount="2" falsecount="0"/>
      <line num="90" count="1" type="stmt"/>
      <line num="91" count="1" type="stmt"/>
      <line num="92" count="3" type="cond" truecount="1" falsecount="1"/>
      <line num="98" count="3" type="stmt"/>
      <line num="99" count="3" type="stmt"/>
      <line num="101" count="3" type="stmt"/>
      <line num="102" count="3" type="stmt"/>
      <line num="105" count="2" type="stmt"/>
      <line num="106" count="1" type="stmt"/>
      <line num="112" count="1" type="stmt"/>
      <line num="113" count="1" type="stmt"/>
      <line num="114" count="1" type="stmt"/>
      <line num="115" count="1" type="stmt"/>
      <line num="119" count="1" type="stmt"/>
      <line num="120" count="3" type="stmt"/>
      <line num="128" count="4" type="cond" truecount="2" falsecount="0"/>
      <line num="129" count="6" type="stmt"/>
      <line num="130" count="3" type="cond" truecount="2" falsecount="0"/>
      <line num="131" count="1" type="stmt"/>
      <line num="132" count="1" type="stmt"/>
      <line num="133" count="3" type="stmt"/>
      <line num="134" count="3" type="stmt"/>
      <line num="136" count="1" type="stmt"/>
      <line num="137" count="2" type="stmt"/>
      <line num="138" count="1" type="stmt"/>
      <line num="144" count="1" type="stmt"/>
      <line num="145" count="1" type="stmt"/>
      <line num="146" count="1" type="stmt"/>
      <line num="150" count="6" type="cond" truecount="2" falsecount="0"/>
      <line num="151" count="10" type="stmt"/>
      <line num="152" count="5" type="cond" truecount="2" falsecount="0"/>
      <line num="153" count="3" type="cond" truecount="2" falsecount="0"/>
      <line num="154" count="1" type="stmt"/>
      <line num="155" count="1" type="stmt"/>
      <line num="156" count="3" type="stmt"/>
      <line num="157" count="3" type="stmt"/>
      <line num="159" count="1" type="stmt"/>
      <line num="160" count="3" type="stmt"/>
      <line num="161" count="3" type="stmt"/>
      <line num="163" count="1" type="cond" truecount="1" falsecount="1"/>
      <line num="164" count="0" type="stmt"/>
      <line num="165" count="0" type="stmt"/>
      <line num="166" count="1" type="cond" truecount="1" falsecount="1"/>
      <line num="167" count="1" type="stmt"/>
      <line num="168" count="1" type="stmt"/>
      <line num="169" count="0" type="cond" truecount="0" falsecount="2"/>
      <line num="170" count="0" type="stmt"/>
      <line num="173" count="1" type="stmt"/>
      <line num="174" count="2" type="stmt"/>
      <line num="175" count="2" type="stmt"/>
      <line num="176" count="1" type="stmt"/>
      <line num="182" count="1" type="stmt"/>
      <line num="183" count="1" type="stmt"/>
      <line num="187" count="1" type="stmt"/>
      <line num="188" count="1" type="stmt"/>
      <line num="194" count="1" type="stmt"/>
      <line num="195" count="1" type="stmt"/>
      <line num="199" count="8" type="cond" truecount="2" falsecount="0"/>
      <line num="200" count="14" type="stmt"/>
      <line num="201" count="7" type="cond" truecount="2" falsecount="0"/>
      <line num="202" count="5" type="cond" truecount="2" falsecount="0"/>
      <line num="203" count="3" type="cond" truecount="2" falsecount="0"/>
      <line num="204" count="1" type="stmt"/>
      <line num="205" count="1" type="stmt"/>
      <line num="206" count="1" type="stmt"/>
      <line num="207" count="1" type="stmt"/>
      <line num="208" count="1" type="stmt"/>
      <line num="209" count="2" type="stmt"/>
      <line num="210" count="2" type="stmt"/>
      <line num="211" count="2" type="stmt"/>
      <line num="212" count="1" type="stmt"/>
      <line num="216" count="8" type="stmt"/>
    </file>
    <file name="Turns.js" path="/home/theosakram/Documents/JavaScript/phase3/w3-4/final project/server/logic/Turns.js">
      <metrics statements="17" coveredstatements="17" conditionals="8" coveredconditionals="8" methods="9" coveredmethods="9"/>
      <line num="3" count="3" type="stmt"/>
      <line num="4" count="3" type="stmt"/>
      <line num="8" count="8" type="cond" truecount="2" falsecount="0"/>
      <line num="9" count="6" type="stmt"/>
      <line num="10" count="2" type="stmt"/>
      <line num="14" count="3" type="stmt"/>
      <line num="18" count="2" type="stmt"/>
      <line num="19" count="4" type="cond" truecount="2" falsecount="0"/>
      <line num="24" count="3" type="stmt"/>
      <line num="28" count="5" type="cond" truecount="2" falsecount="0"/>
      <line num="29" count="2" type="stmt"/>
      <line num="31" count="3" type="stmt"/>
      <line num="36" count="2" type="stmt"/>
      <line num="37" count="4" type="stmt"/>
      <line num="39" count="2" type="cond" truecount="2" falsecount="0"/>
      <line num="40" count="1" type="stmt"/>
      <line num="45" count="3" type="stmt"/>
    </file>
  </project>
</coverage>
