{"/home/theosakram/Documents/JavaScript/phase3/w3-4/final project/server/logic/Items.js": {"path":"/home/theosakram/Documents/JavaScript/phase3/w3-4/final project/server/logic/Items.js","statementMap":{"0":{"start":{"line":3,"column":4},"end":{"line":3,"column":19}},"1":{"start":{"line":9,"column":4},"end":{"line":9,"column":17}},"2":{"start":{"line":15,"column":4},"end":{"line":15,"column":17}},"3":{"start":{"line":21,"column":4},"end":{"line":21,"column":17}},"4":{"start":{"line":25,"column":0},"end":{"line":25,"column":45}}},"fnMap":{"0":{"name":"(anonymous_0)","decl":{"start":{"line":2,"column":2},"end":{"line":2,"column":3}},"loc":{"start":{"line":2,"column":16},"end":{"line":4,"column":3}},"line":2},"1":{"name":"(anonymous_1)","decl":{"start":{"line":8,"column":2},"end":{"line":8,"column":3}},"loc":{"start":{"line":8,"column":21},"end":{"line":10,"column":3}},"line":8},"2":{"name":"(anonymous_2)","decl":{"start":{"line":14,"column":2},"end":{"line":14,"column":3}},"loc":{"start":{"line":14,"column":21},"end":{"line":16,"column":3}},"line":14},"3":{"name":"(anonymous_3)","decl":{"start":{"line":20,"column":2},"end":{"line":20,"column":3}},"loc":{"start":{"line":20,"column":21},"end":{"line":22,"column":3}},"line":20}},"branchMap":{},"s":{"0":24,"1":8,"2":8,"3":8,"4":8},"f":{"0":24,"1":8,"2":8,"3":8},"b":{},"_coverageSchema":"1a1c01bbd47fc00a2c39e90264f33305004495a9","hash":"ab4cc017aaaccd4bc3170f65d6156649c84e67e9"}
,"/home/theosakram/Documents/JavaScript/phase3/w3-4/final project/server/logic/LuxuryItems.js": {"path":"/home/theosakram/Documents/JavaScript/phase3/w3-4/final project/server/logic/LuxuryItems.js","statementMap":{"0":{"start":{"line":3,"column":4},"end":{"line":3,"column":20}},"1":{"start":{"line":9,"column":4},"end":{"line":9,"column":17}},"2":{"start":{"line":10,"column":4},"end":{"line":10,"column":26}},"3":{"start":{"line":14,"column":4},"end":{"line":14,"column":25}},"4":{"start":{"line":20,"column":4},"end":{"line":20,"column":17}},"5":{"start":{"line":21,"column":4},"end":{"line":21,"column":24}},"6":{"start":{"line":24,"column":4},"end":{"line":28,"column":5}},"7":{"start":{"line":24,"column":17},"end":{"line":24,"column":18}},"8":{"start":{"line":25,"column":6},"end":{"line":27,"column":7}},"9":{"start":{"line":26,"column":8},"end":{"line":26,"column":44}},"10":{"start":{"line":34,"column":4},"end":{"line":34,"column":17}},"11":{"start":{"line":35,"column":4},"end":{"line":35,"column":30}},"12":{"start":{"line":39,"column":4},"end":{"line":41,"column":5}},"13":{"start":{"line":39,"column":17},"end":{"line":39,"column":18}},"14":{"start":{"line":40,"column":6},"end":{"line":40,"column":45}},"15":{"start":{"line":47,"column":4},"end":{"line":47,"column":17}},"16":{"start":{"line":48,"column":4},"end":{"line":48,"column":33}},"17":{"start":{"line":52,"column":4},"end":{"line":54,"column":5}},"18":{"start":{"line":52,"column":17},"end":{"line":52,"column":18}},"19":{"start":{"line":53,"column":6},"end":{"line":53,"column":49}},"20":{"start":{"line":60,"column":4},"end":{"line":60,"column":20}},"21":{"start":{"line":64,"column":0},"end":{"line":64,"column":72}}},"fnMap":{"0":{"name":"(anonymous_0)","decl":{"start":{"line":2,"column":2},"end":{"line":2,"column":3}},"loc":{"start":{"line":2,"column":16},"end":{"line":4,"column":3}},"line":2},"1":{"name":"(anonymous_1)","decl":{"start":{"line":8,"column":2},"end":{"line":8,"column":3}},"loc":{"start":{"line":8,"column":21},"end":{"line":11,"column":3}},"line":8},"2":{"name":"(anonymous_2)","decl":{"start":{"line":13,"column":2},"end":{"line":13,"column":3}},"loc":{"start":{"line":13,"column":14},"end":{"line":15,"column":3}},"line":13},"3":{"name":"(anonymous_3)","decl":{"start":{"line":19,"column":2},"end":{"line":19,"column":3}},"loc":{"start":{"line":19,"column":21},"end":{"line":22,"column":3}},"line":19},"4":{"name":"(anonymous_4)","decl":{"start":{"line":23,"column":2},"end":{"line":23,"column":3}},"loc":{"start":{"line":23,"column":14},"end":{"line":29,"column":3}},"line":23},"5":{"name":"(anonymous_5)","decl":{"start":{"line":33,"column":2},"end":{"line":33,"column":3}},"loc":{"start":{"line":33,"column":21},"end":{"line":36,"column":3}},"line":33},"6":{"name":"(anonymous_6)","decl":{"start":{"line":38,"column":2},"end":{"line":38,"column":3}},"loc":{"start":{"line":38,"column":14},"end":{"line":42,"column":3}},"line":38},"7":{"name":"(anonymous_7)","decl":{"start":{"line":46,"column":2},"end":{"line":46,"column":3}},"loc":{"start":{"line":46,"column":21},"end":{"line":49,"column":3}},"line":46},"8":{"name":"(anonymous_8)","decl":{"start":{"line":51,"column":2},"end":{"line":51,"column":3}},"loc":{"start":{"line":51,"column":14},"end":{"line":55,"column":3}},"line":51},"9":{"name":"(anonymous_9)","decl":{"start":{"line":59,"column":2},"end":{"line":59,"column":3}},"loc":{"start":{"line":59,"column":16},"end":{"line":61,"column":3}},"line":59}},"branchMap":{"0":{"loc":{"start":{"line":25,"column":6},"end":{"line":27,"column":7}},"type":"if","locations":[{"start":{"line":25,"column":6},"end":{"line":27,"column":7}},{"start":{"line":25,"column":6},"end":{"line":27,"column":7}}],"line":25}},"s":{"0":34,"1":8,"2":8,"3":1,"4":9,"5":9,"6":2,"7":2,"8":4,"9":3,"10":9,"11":9,"12":1,"13":1,"14":2,"15":8,"16":8,"17":1,"18":1,"19":2,"20":8,"21":8},"f":{"0":34,"1":8,"2":1,"3":9,"4":2,"5":9,"6":1,"7":8,"8":1,"9":8},"b":{"0":[3,1]},"_coverageSchema":"1a1c01bbd47fc00a2c39e90264f33305004495a9","hash":"b3cdb7dc42c27d44d7e551331cb1d3f5077c001a"}
,"/home/theosakram/Documents/JavaScript/phase3/w3-4/final project/server/logic/Module.js": {"path":"/home/theosakram/Documents/JavaScript/phase3/w3-4/final project/server/logic/Module.js","statementMap":{"0":{"start":{"line":2,"column":36},"end":{"line":2,"column":54}},"1":{"start":{"line":4,"column":13},"end":{"line":4,"column":23}},"2":{"start":{"line":5,"column":17},"end":{"line":5,"column":31}},"3":{"start":{"line":6,"column":16},"end":{"line":6,"column":29}},"4":{"start":{"line":8,"column":16},"end":{"line":8,"column":41}},"5":{"start":{"line":17,"column":4},"end":{"line":17,"column":28}},"6":{"start":{"line":19,"column":14},"end":{"line":19,"column":25}},"7":{"start":{"line":20,"column":19},"end":{"line":20,"column":35}},"8":{"start":{"line":21,"column":16},"end":{"line":21,"column":29}},"9":{"start":{"line":22,"column":16},"end":{"line":22,"column":29}},"10":{"start":{"line":23,"column":22},"end":{"line":23,"column":41}},"11":{"start":{"line":25,"column":19},"end":{"line":25,"column":71}},"12":{"start":{"line":27,"column":0},"end":{"line":27,"column":41}}},"fnMap":{},"branchMap":{},"s":{"0":8,"1":8,"2":8,"3":8,"4":8,"5":8,"6":8,"7":8,"8":8,"9":8,"10":8,"11":8,"12":8},"f":{},"b":{},"_coverageSchema":"1a1c01bbd47fc00a2c39e90264f33305004495a9","hash":"803783a165f66c1694990e7e9ea0bc95008df9f1"}
,"/home/theosakram/Documents/JavaScript/phase3/w3-4/final project/server/logic/Player.js": {"path":"/home/theosakram/Documents/JavaScript/phase3/w3-4/final project/server/logic/Player.js","statementMap":{"0":{"start":{"line":1,"column":20},"end":{"line":1,"column":39}},"1":{"start":{"line":2,"column":25},"end":{"line":2,"column":43}},"2":{"start":{"line":6,"column":4},"end":{"line":6,"column":21}},"3":{"start":{"line":7,"column":4},"end":{"line":7,"column":35}},"4":{"start":{"line":8,"column":4},"end":{"line":8,"column":30}},"5":{"start":{"line":9,"column":4},"end":{"line":9,"column":18}},"6":{"start":{"line":10,"column":4},"end":{"line":10,"column":18}},"7":{"start":{"line":11,"column":4},"end":{"line":11,"column":22}},"8":{"start":{"line":12,"column":4},"end":{"line":12,"column":57}},"9":{"start":{"line":13,"column":4},"end":{"line":13,"column":24}},"10":{"start":{"line":14,"column":4},"end":{"line":14,"column":20}},"11":{"start":{"line":15,"column":4},"end":{"line":15,"column":21}},"12":{"start":{"line":16,"column":4},"end":{"line":16,"column":22}},"13":{"start":{"line":17,"column":4},"end":{"line":17,"column":18}},"14":{"start":{"line":18,"column":4},"end":{"line":18,"column":21}},"15":{"start":{"line":19,"column":4},"end":{"line":19,"column":24}},"16":{"start":{"line":23,"column":4},"end":{"line":29,"column":5}},"17":{"start":{"line":23,"column":17},"end":{"line":23,"column":18}},"18":{"start":{"line":24,"column":6},"end":{"line":28,"column":9}},"19":{"start":{"line":33,"column":19},"end":{"line":33,"column":75}},"20":{"start":{"line":33,"column":57},"end":{"line":33,"column":74}},"21":{"start":{"line":34,"column":4},"end":{"line":43,"column":69}},"22":{"start":{"line":35,"column":6},"end":{"line":42,"column":7}},"23":{"start":{"line":36,"column":8},"end":{"line":36,"column":33}},"24":{"start":{"line":37,"column":8},"end":{"line":37,"column":47}},"25":{"start":{"line":39,"column":8},"end":{"line":39,"column":36}},"26":{"start":{"line":40,"column":8},"end":{"line":40,"column":33}},"27":{"start":{"line":41,"column":8},"end":{"line":41,"column":47}},"28":{"start":{"line":43,"column":11},"end":{"line":43,"column":69}},"29":{"start":{"line":47,"column":4},"end":{"line":47,"column":57}},"30":{"start":{"line":51,"column":4},"end":{"line":59,"column":28}},"31":{"start":{"line":63,"column":4},"end":{"line":63,"column":28}},"32":{"start":{"line":64,"column":4},"end":{"line":64,"column":26}},"33":{"start":{"line":68,"column":4},"end":{"line":73,"column":5}},"34":{"start":{"line":68,"column":17},"end":{"line":68,"column":18}},"35":{"start":{"line":69,"column":6},"end":{"line":72,"column":7}},"36":{"start":{"line":70,"column":8},"end":{"line":70,"column":26}},"37":{"start":{"line":71,"column":8},"end":{"line":71,"column":46}},"38":{"start":{"line":77,"column":4},"end":{"line":77,"column":29}},"39":{"start":{"line":83,"column":4},"end":{"line":83,"column":24}},"40":{"start":{"line":84,"column":4},"end":{"line":84,"column":31}},"41":{"start":{"line":85,"column":4},"end":{"line":85,"column":28}},"42":{"start":{"line":86,"column":4},"end":{"line":86,"column":24}},"43":{"start":{"line":87,"column":4},"end":{"line":87,"column":28}},"44":{"start":{"line":88,"column":4},"end":{"line":88,"column":28}},"45":{"start":{"line":89,"column":4},"end":{"line":89,"column":27}},"46":{"start":{"line":93,"column":23},"end":{"line":93,"column":36}},"47":{"start":{"line":94,"column":20},"end":{"line":94,"column":64}},"48":{"start":{"line":95,"column":4},"end":{"line":105,"column":5}},"49":{"start":{"line":96,"column":6},"end":{"line":96,"column":26}},"50":{"start":{"line":97,"column":6},"end":{"line":97,"column":29}},"51":{"start":{"line":99,"column":23},"end":{"line":99,"column":36}},"52":{"start":{"line":100,"column":21},"end":{"line":100,"column":51}},"53":{"start":{"line":101,"column":6},"end":{"line":104,"column":7}},"54":{"start":{"line":102,"column":8},"end":{"line":102,"column":27}},"55":{"start":{"line":103,"column":8},"end":{"line":103,"column":53}},"56":{"start":{"line":109,"column":4},"end":{"line":109,"column":23}},"57":{"start":{"line":110,"column":4},"end":{"line":110,"column":33}},"58":{"start":{"line":114,"column":0},"end":{"line":114,"column":24}}},"fnMap":{"0":{"name":"(anonymous_0)","decl":{"start":{"line":5,"column":2},"end":{"line":5,"column":3}},"loc":{"start":{"line":5,"column":33},"end":{"line":20,"column":3}},"line":5},"1":{"name":"(anonymous_1)","decl":{"start":{"line":22,"column":2},"end":{"line":22,"column":3}},"loc":{"start":{"line":22,"column":11},"end":{"line":30,"column":3}},"line":22},"2":{"name":"(anonymous_2)","decl":{"start":{"line":32,"column":2},"end":{"line":32,"column":3}},"loc":{"start":{"line":32,"column":25},"end":{"line":44,"column":3}},"line":32},"3":{"name":"(anonymous_3)","decl":{"start":{"line":33,"column":42},"end":{"line":33,"column":43}},"loc":{"start":{"line":33,"column":57},"end":{"line":33,"column":74}},"line":33},"4":{"name":"(anonymous_4)","decl":{"start":{"line":46,"column":2},"end":{"line":46,"column":3}},"loc":{"start":{"line":46,"column":14},"end":{"line":48,"column":3}},"line":46},"5":{"name":"(anonymous_5)","decl":{"start":{"line":50,"column":2},"end":{"line":50,"column":3}},"loc":{"start":{"line":50,"column":17},"end":{"line":60,"column":3}},"line":50},"6":{"name":"(anonymous_6)","decl":{"start":{"line":62,"column":2},"end":{"line":62,"column":3}},"loc":{"start":{"line":62,"column":31},"end":{"line":65,"column":3}},"line":62},"7":{"name":"(anonymous_7)","decl":{"start":{"line":67,"column":2},"end":{"line":67,"column":3}},"loc":{"start":{"line":67,"column":19},"end":{"line":74,"column":3}},"line":67},"8":{"name":"(anonymous_8)","decl":{"start":{"line":76,"column":2},"end":{"line":76,"column":3}},"loc":{"start":{"line":76,"column":21},"end":{"line":78,"column":3}},"line":76},"9":{"name":"(anonymous_9)","decl":{"start":{"line":82,"column":2},"end":{"line":82,"column":3}},"loc":{"start":{"line":82,"column":16},"end":{"line":90,"column":3}},"line":82},"10":{"name":"(anonymous_10)","decl":{"start":{"line":92,"column":2},"end":{"line":92,"column":3}},"loc":{"start":{"line":92,"column":16},"end":{"line":106,"column":3}},"line":92},"11":{"name":"(anonymous_11)","decl":{"start":{"line":108,"column":2},"end":{"line":108,"column":3}},"loc":{"start":{"line":108,"column":17},"end":{"line":111,"column":3}},"line":108}},"branchMap":{"0":{"loc":{"start":{"line":34,"column":4},"end":{"line":43,"column":69}},"type":"if","locations":[{"start":{"line":34,"column":4},"end":{"line":43,"column":69}},{"start":{"line":34,"column":4},"end":{"line":43,"column":69}}],"line":34},"1":{"loc":{"start":{"line":35,"column":6},"end":{"line":42,"column":7}},"type":"if","locations":[{"start":{"line":35,"column":6},"end":{"line":42,"column":7}},{"start":{"line":35,"column":6},"end":{"line":42,"column":7}}],"line":35},"2":{"loc":{"start":{"line":35,"column":10},"end":{"line":35,"column":69}},"type":"binary-expr","locations":[{"start":{"line":35,"column":10},"end":{"line":35,"column":37}},{"start":{"line":35,"column":41},"end":{"line":35,"column":69}}],"line":35},"3":{"loc":{"start":{"line":47,"column":4},"end":{"line":47,"column":56}},"type":"cond-expr","locations":[{"start":{"line":47,"column":24},"end":{"line":47,"column":37}},{"start":{"line":47,"column":42},"end":{"line":47,"column":55}}],"line":47},"4":{"loc":{"start":{"line":51,"column":4},"end":{"line":59,"column":27}},"type":"cond-expr","locations":[{"start":{"line":52,"column":9},"end":{"line":52,"column":26}},{"start":{"line":53,"column":8},"end":{"line":59,"column":27}}],"line":51},"5":{"loc":{"start":{"line":53,"column":8},"end":{"line":59,"column":27}},"type":"cond-expr","locations":[{"start":{"line":54,"column":9},"end":{"line":54,"column":26}},{"start":{"line":55,"column":8},"end":{"line":59,"column":27}}],"line":53},"6":{"loc":{"start":{"line":55,"column":8},"end":{"line":59,"column":27}},"type":"cond-expr","locations":[{"start":{"line":56,"column":9},"end":{"line":56,"column":26}},{"start":{"line":57,"column":8},"end":{"line":59,"column":27}}],"line":55},"7":{"loc":{"start":{"line":57,"column":8},"end":{"line":59,"column":27}},"type":"cond-expr","locations":[{"start":{"line":58,"column":9},"end":{"line":58,"column":26}},{"start":{"line":59,"column":9},"end":{"line":59,"column":26}}],"line":57},"8":{"loc":{"start":{"line":69,"column":6},"end":{"line":72,"column":7}},"type":"if","locations":[{"start":{"line":69,"column":6},"end":{"line":72,"column":7}},{"start":{"line":69,"column":6},"end":{"line":72,"column":7}}],"line":69},"9":{"loc":{"start":{"line":94,"column":20},"end":{"line":94,"column":64}},"type":"cond-expr","locations":[{"start":{"line":94,"column":52},"end":{"line":94,"column":57}},{"start":{"line":94,"column":60},"end":{"line":94,"column":64}}],"line":94},"10":{"loc":{"start":{"line":95,"column":4},"end":{"line":105,"column":5}},"type":"if","locations":[{"start":{"line":95,"column":4},"end":{"line":105,"column":5}},{"start":{"line":95,"column":4},"end":{"line":105,"column":5}}],"line":95},"11":{"loc":{"start":{"line":100,"column":21},"end":{"line":100,"column":51}},"type":"cond-expr","locations":[{"start":{"line":100,"column":39},"end":{"line":100,"column":44}},{"start":{"line":100,"column":47},"end":{"line":100,"column":51}}],"line":100},"12":{"loc":{"start":{"line":101,"column":6},"end":{"line":104,"column":7}},"type":"if","locations":[{"start":{"line":101,"column":6},"end":{"line":104,"column":7}},{"start":{"line":101,"column":6},"end":{"line":104,"column":7}}],"line":101}},"s":{"0":8,"1":8,"2":21,"3":21,"4":21,"5":21,"6":21,"7":21,"8":21,"9":21,"10":21,"11":21,"12":21,"13":21,"14":21,"15":21,"16":21,"17":21,"18":63,"19":3,"20":6,"21":3,"22":2,"23":2,"24":2,"25":0,"26":0,"27":0,"28":1,"29":21,"30":22,"31":1,"32":1,"33":1,"34":1,"35":2,"36":0,"37":0,"38":2,"39":42,"40":42,"41":42,"42":42,"43":42,"44":42,"45":42,"46":1,"47":1,"48":1,"49":0,"50":0,"51":1,"52":1,"53":1,"54":1,"55":1,"56":20,"57":20,"58":8},"f":{"0":21,"1":21,"2":3,"3":6,"4":21,"5":22,"6":1,"7":1,"8":2,"9":42,"10":1,"11":20},"b":{"0":[2,1],"1":[2,0],"2":[2,0],"3":[8,13],"4":[21,1],"5":[1,0],"6":[0,0],"7":[0,0],"8":[0,2],"9":[1,0],"10":[0,1],"11":[0,1],"12":[1,0]},"_coverageSchema":"1a1c01bbd47fc00a2c39e90264f33305004495a9","hash":"07d6896562bca3693e6c6557c3f2143f4f9cb6df"}
,"/home/theosakram/Documents/JavaScript/phase3/w3-4/final project/server/logic/Tiles.js": {"path":"/home/theosakram/Documents/JavaScript/phase3/w3-4/final project/server/logic/Tiles.js","statementMap":{"0":{"start":{"line":1,"column":32},"end":{"line":1,"column":51}},"1":{"start":{"line":5,"column":4},"end":{"line":5,"column":33}},"2":{"start":{"line":11,"column":4},"end":{"line":11,"column":22}},"3":{"start":{"line":12,"column":4},"end":{"line":12,"column":34}},"4":{"start":{"line":13,"column":4},"end":{"line":13,"column":20}},"5":{"start":{"line":14,"column":4},"end":{"line":14,"column":20}},"6":{"start":{"line":18,"column":4},"end":{"line":23,"column":5}},"7":{"start":{"line":19,"column":6},"end":{"line":19,"column":26}},"8":{"start":{"line":20,"column":6},"end":{"line":20,"column":24}},"9":{"start":{"line":22,"column":6},"end":{"line":22,"column":51}},"10":{"start":{"line":27,"column":4},"end":{"line":29,"column":5}},"11":{"start":{"line":27,"column":17},"end":{"line":27,"column":18}},"12":{"start":{"line":28,"column":6},"end":{"line":28,"column":37}},"13":{"start":{"line":33,"column":18},"end":{"line":33,"column":76}},"14":{"start":{"line":33,"column":58},"end":{"line":33,"column":75}},"15":{"start":{"line":34,"column":4},"end":{"line":48,"column":64}},"16":{"start":{"line":35,"column":6},"end":{"line":35,"column":37}},"17":{"start":{"line":36,"column":23},"end":{"line":36,"column":78}},"18":{"start":{"line":36,"column":51},"end":{"line":36,"column":74}},"19":{"start":{"line":37,"column":6},"end":{"line":47,"column":58}},"20":{"start":{"line":38,"column":8},"end":{"line":38,"column":40}},"21":{"start":{"line":39,"column":8},"end":{"line":39,"column":53}},"22":{"start":{"line":41,"column":8},"end":{"line":46,"column":9}},"23":{"start":{"line":45,"column":10},"end":{"line":45,"column":33}},"24":{"start":{"line":47,"column":13},"end":{"line":47,"column":58}},"25":{"start":{"line":48,"column":11},"end":{"line":48,"column":64}},"26":{"start":{"line":54,"column":4},"end":{"line":54,"column":22}},"27":{"start":{"line":55,"column":4},"end":{"line":55,"column":29}},"28":{"start":{"line":56,"column":4},"end":{"line":56,"column":23}},"29":{"start":{"line":57,"column":4},"end":{"line":57,"column":22}},"30":{"start":{"line":61,"column":23},"end":{"line":64,"column":5}},"31":{"start":{"line":62,"column":17},"end":{"line":62,"column":46}},"32":{"start":{"line":63,"column":6},"end":{"line":63,"column":62}},"33":{"start":{"line":66,"column":4},"end":{"line":71,"column":5}},"34":{"start":{"line":66,"column":17},"end":{"line":66,"column":18}},"35":{"start":{"line":67,"column":6},"end":{"line":70,"column":9}},"36":{"start":{"line":73,"column":4},"end":{"line":73,"column":16}},"37":{"start":{"line":77,"column":18},"end":{"line":77,"column":76}},"38":{"start":{"line":77,"column":58},"end":{"line":77,"column":75}},"39":{"start":{"line":78,"column":4},"end":{"line":93,"column":69}},"40":{"start":{"line":79,"column":6},"end":{"line":79,"column":37}},"41":{"start":{"line":80,"column":6},"end":{"line":92,"column":7}},"42":{"start":{"line":80,"column":19},"end":{"line":80,"column":20}},"43":{"start":{"line":81,"column":8},"end":{"line":91,"column":9}},"44":{"start":{"line":87,"column":10},"end":{"line":87,"column":65}},"45":{"start":{"line":88,"column":10},"end":{"line":89,"column":69}},"46":{"start":{"line":90,"column":10},"end":{"line":90,"column":41}},"47":{"start":{"line":93,"column":11},"end":{"line":93,"column":69}},"48":{"start":{"line":99,"column":4},"end":{"line":99,"column":22}},"49":{"start":{"line":100,"column":4},"end":{"line":100,"column":32}},"50":{"start":{"line":101,"column":4},"end":{"line":101,"column":20}},"51":{"start":{"line":102,"column":4},"end":{"line":102,"column":20}},"52":{"start":{"line":106,"column":4},"end":{"line":111,"column":5}},"53":{"start":{"line":106,"column":17},"end":{"line":106,"column":18}},"54":{"start":{"line":107,"column":6},"end":{"line":110,"column":9}},"55":{"start":{"line":115,"column":18},"end":{"line":115,"column":76}},"56":{"start":{"line":115,"column":58},"end":{"line":115,"column":75}},"57":{"start":{"line":116,"column":4},"end":{"line":122,"column":69}},"58":{"start":{"line":117,"column":6},"end":{"line":117,"column":37}},"59":{"start":{"line":118,"column":6},"end":{"line":121,"column":7}},"60":{"start":{"line":118,"column":19},"end":{"line":118,"column":20}},"61":{"start":{"line":119,"column":8},"end":{"line":119,"column":63}},"62":{"start":{"line":120,"column":8},"end":{"line":120,"column":46}},"63":{"start":{"line":122,"column":11},"end":{"line":122,"column":69}},"64":{"start":{"line":128,"column":4},"end":{"line":128,"column":22}},"65":{"start":{"line":129,"column":4},"end":{"line":129,"column":32}},"66":{"start":{"line":130,"column":4},"end":{"line":130,"column":29}},"67":{"start":{"line":134,"column":18},"end":{"line":134,"column":76}},"68":{"start":{"line":134,"column":58},"end":{"line":134,"column":75}},"69":{"start":{"line":135,"column":4},"end":{"line":156,"column":69}},"70":{"start":{"line":136,"column":6},"end":{"line":155,"column":57}},"71":{"start":{"line":137,"column":8},"end":{"line":137,"column":39}},"72":{"start":{"line":138,"column":25},"end":{"line":140,"column":36}},"73":{"start":{"line":139,"column":10},"end":{"line":139,"column":38}},"74":{"start":{"line":140,"column":27},"end":{"line":140,"column":32}},"75":{"start":{"line":142,"column":21},"end":{"line":144,"column":36}},"76":{"start":{"line":143,"column":10},"end":{"line":143,"column":38}},"77":{"start":{"line":144,"column":27},"end":{"line":144,"column":32}},"78":{"start":{"line":146,"column":8},"end":{"line":154,"column":9}},"79":{"start":{"line":147,"column":10},"end":{"line":147,"column":45}},"80":{"start":{"line":148,"column":10},"end":{"line":148,"column":27}},"81":{"start":{"line":149,"column":15},"end":{"line":154,"column":9}},"82":{"start":{"line":150,"column":10},"end":{"line":150,"column":37}},"83":{"start":{"line":151,"column":10},"end":{"line":151,"column":27}},"84":{"start":{"line":152,"column":15},"end":{"line":154,"column":9}},"85":{"start":{"line":153,"column":10},"end":{"line":153,"column":39}},"86":{"start":{"line":155,"column":13},"end":{"line":155,"column":57}},"87":{"start":{"line":156,"column":11},"end":{"line":156,"column":69}},"88":{"start":{"line":162,"column":4},"end":{"line":162,"column":22}},"89":{"start":{"line":163,"column":4},"end":{"line":163,"column":36}},"90":{"start":{"line":167,"column":4},"end":{"line":167,"column":28}},"91":{"start":{"line":168,"column":4},"end":{"line":168,"column":59}},"92":{"start":{"line":174,"column":4},"end":{"line":174,"column":22}},"93":{"start":{"line":175,"column":4},"end":{"line":175,"column":34}},"94":{"start":{"line":179,"column":18},"end":{"line":179,"column":76}},"95":{"start":{"line":179,"column":58},"end":{"line":179,"column":75}},"96":{"start":{"line":180,"column":4},"end":{"line":189,"column":55}},"97":{"start":{"line":181,"column":6},"end":{"line":188,"column":71}},"98":{"start":{"line":182,"column":8},"end":{"line":182,"column":26}},"99":{"start":{"line":183,"column":8},"end":{"line":187,"column":64}},"100":{"start":{"line":184,"column":10},"end":{"line":184,"column":27}},"101":{"start":{"line":185,"column":10},"end":{"line":185,"column":27}},"102":{"start":{"line":186,"column":10},"end":{"line":186,"column":45}},"103":{"start":{"line":187,"column":15},"end":{"line":187,"column":64}},"104":{"start":{"line":188,"column":13},"end":{"line":188,"column":71}},"105":{"start":{"line":189,"column":11},"end":{"line":189,"column":55}},"106":{"start":{"line":193,"column":0},"end":{"line":200,"column":2}}},"fnMap":{"0":{"name":"(anonymous_0)","decl":{"start":{"line":4,"column":2},"end":{"line":4,"column":3}},"loc":{"start":{"line":4,"column":26},"end":{"line":6,"column":3}},"line":4},"1":{"name":"(anonymous_1)","decl":{"start":{"line":10,"column":2},"end":{"line":10,"column":3}},"loc":{"start":{"line":10,"column":26},"end":{"line":15,"column":3}},"line":10},"2":{"name":"(anonymous_2)","decl":{"start":{"line":17,"column":2},"end":{"line":17,"column":3}},"loc":{"start":{"line":17,"column":22},"end":{"line":24,"column":3}},"line":17},"3":{"name":"(anonymous_3)","decl":{"start":{"line":26,"column":2},"end":{"line":26,"column":3}},"loc":{"start":{"line":26,"column":13},"end":{"line":30,"column":3}},"line":26},"4":{"name":"(anonymous_4)","decl":{"start":{"line":32,"column":2},"end":{"line":32,"column":3}},"loc":{"start":{"line":32,"column":33},"end":{"line":49,"column":3}},"line":32},"5":{"name":"(anonymous_5)","decl":{"start":{"line":33,"column":43},"end":{"line":33,"column":44}},"loc":{"start":{"line":33,"column":58},"end":{"line":33,"column":75}},"line":33},"6":{"name":"(anonymous_6)","decl":{"start":{"line":36,"column":41},"end":{"line":36,"column":42}},"loc":{"start":{"line":36,"column":51},"end":{"line":36,"column":74}},"line":36},"7":{"name":"(anonymous_7)","decl":{"start":{"line":53,"column":2},"end":{"line":53,"column":3}},"loc":{"start":{"line":53,"column":26},"end":{"line":58,"column":3}},"line":53},"8":{"name":"(anonymous_8)","decl":{"start":{"line":60,"column":2},"end":{"line":60,"column":3}},"loc":{"start":{"line":60,"column":15},"end":{"line":74,"column":3}},"line":60},"9":{"name":"(anonymous_9)","decl":{"start":{"line":61,"column":23},"end":{"line":61,"column":24}},"loc":{"start":{"line":61,"column":30},"end":{"line":64,"column":5}},"line":61},"10":{"name":"(anonymous_10)","decl":{"start":{"line":76,"column":2},"end":{"line":76,"column":3}},"loc":{"start":{"line":76,"column":22},"end":{"line":94,"column":3}},"line":76},"11":{"name":"(anonymous_11)","decl":{"start":{"line":77,"column":43},"end":{"line":77,"column":44}},"loc":{"start":{"line":77,"column":58},"end":{"line":77,"column":75}},"line":77},"12":{"name":"(anonymous_12)","decl":{"start":{"line":98,"column":2},"end":{"line":98,"column":3}},"loc":{"start":{"line":98,"column":26},"end":{"line":103,"column":3}},"line":98},"13":{"name":"(anonymous_13)","decl":{"start":{"line":105,"column":2},"end":{"line":105,"column":3}},"loc":{"start":{"line":105,"column":13},"end":{"line":112,"column":3}},"line":105},"14":{"name":"(anonymous_14)","decl":{"start":{"line":114,"column":2},"end":{"line":114,"column":3}},"loc":{"start":{"line":114,"column":22},"end":{"line":123,"column":3}},"line":114},"15":{"name":"(anonymous_15)","decl":{"start":{"line":115,"column":43},"end":{"line":115,"column":44}},"loc":{"start":{"line":115,"column":58},"end":{"line":115,"column":75}},"line":115},"16":{"name":"(anonymous_16)","decl":{"start":{"line":127,"column":2},"end":{"line":127,"column":3}},"loc":{"start":{"line":127,"column":26},"end":{"line":131,"column":3}},"line":127},"17":{"name":"(anonymous_17)","decl":{"start":{"line":133,"column":2},"end":{"line":133,"column":3}},"loc":{"start":{"line":133,"column":20},"end":{"line":157,"column":3}},"line":133},"18":{"name":"(anonymous_18)","decl":{"start":{"line":134,"column":43},"end":{"line":134,"column":44}},"loc":{"start":{"line":134,"column":58},"end":{"line":134,"column":75}},"line":134},"19":{"name":"(anonymous_19)","decl":{"start":{"line":138,"column":51},"end":{"line":138,"column":52}},"loc":{"start":{"line":139,"column":10},"end":{"line":139,"column":38}},"line":139},"20":{"name":"(anonymous_20)","decl":{"start":{"line":140,"column":17},"end":{"line":140,"column":18}},"loc":{"start":{"line":140,"column":27},"end":{"line":140,"column":32}},"line":140},"21":{"name":"(anonymous_21)","decl":{"start":{"line":142,"column":47},"end":{"line":142,"column":48}},"loc":{"start":{"line":143,"column":10},"end":{"line":143,"column":38}},"line":143},"22":{"name":"(anonymous_22)","decl":{"start":{"line":144,"column":17},"end":{"line":144,"column":18}},"loc":{"start":{"line":144,"column":27},"end":{"line":144,"column":32}},"line":144},"23":{"name":"(anonymous_23)","decl":{"start":{"line":161,"column":2},"end":{"line":161,"column":3}},"loc":{"start":{"line":161,"column":26},"end":{"line":164,"column":3}},"line":161},"24":{"name":"(anonymous_24)","decl":{"start":{"line":166,"column":2},"end":{"line":166,"column":3}},"loc":{"start":{"line":166,"column":20},"end":{"line":169,"column":3}},"line":166},"25":{"name":"(anonymous_25)","decl":{"start":{"line":173,"column":2},"end":{"line":173,"column":3}},"loc":{"start":{"line":173,"column":26},"end":{"line":176,"column":3}},"line":173},"26":{"name":"(anonymous_26)","decl":{"start":{"line":178,"column":2},"end":{"line":178,"column":3}},"loc":{"start":{"line":178,"column":18},"end":{"line":190,"column":3}},"line":178},"27":{"name":"(anonymous_27)","decl":{"start":{"line":179,"column":43},"end":{"line":179,"column":44}},"loc":{"start":{"line":179,"column":58},"end":{"line":179,"column":75}},"line":179}},"branchMap":{"0":{"loc":{"start":{"line":18,"column":4},"end":{"line":23,"column":5}},"type":"if","locations":[{"start":{"line":18,"column":4},"end":{"line":23,"column":5}},{"start":{"line":18,"column":4},"end":{"line":23,"column":5}}],"line":18},"1":{"loc":{"start":{"line":34,"column":4},"end":{"line":48,"column":64}},"type":"if","locations":[{"start":{"line":34,"column":4},"end":{"line":48,"column":64}},{"start":{"line":34,"column":4},"end":{"line":48,"column":64}}],"line":34},"2":{"loc":{"start":{"line":37,"column":6},"end":{"line":47,"column":58}},"type":"if","locations":[{"start":{"line":37,"column":6},"end":{"line":47,"column":58}},{"start":{"line":37,"column":6},"end":{"line":47,"column":58}}],"line":37},"3":{"loc":{"start":{"line":41,"column":8},"end":{"line":46,"column":9}},"type":"if","locations":[{"start":{"line":41,"column":8},"end":{"line":46,"column":9}},{"start":{"line":41,"column":8},"end":{"line":46,"column":9}}],"line":41},"4":{"loc":{"start":{"line":42,"column":10},"end":{"line":43,"column":46}},"type":"binary-expr","locations":[{"start":{"line":42,"column":10},"end":{"line":42,"column":39}},{"start":{"line":43,"column":10},"end":{"line":43,"column":46}}],"line":42},"5":{"loc":{"start":{"line":63,"column":13},"end":{"line":63,"column":61}},"type":"cond-expr","locations":[{"start":{"line":63,"column":25},"end":{"line":63,"column":26}},{"start":{"line":63,"column":29},"end":{"line":63,"column":61}}],"line":63},"6":{"loc":{"start":{"line":63,"column":29},"end":{"line":63,"column":61}},"type":"cond-expr","locations":[{"start":{"line":63,"column":41},"end":{"line":63,"column":42}},{"start":{"line":63,"column":45},"end":{"line":63,"column":61}}],"line":63},"7":{"loc":{"start":{"line":63,"column":45},"end":{"line":63,"column":61}},"type":"cond-expr","locations":[{"start":{"line":63,"column":56},"end":{"line":63,"column":57}},{"start":{"line":63,"column":60},"end":{"line":63,"column":61}}],"line":63},"8":{"loc":{"start":{"line":78,"column":4},"end":{"line":93,"column":69}},"type":"if","locations":[{"start":{"line":78,"column":4},"end":{"line":93,"column":69}},{"start":{"line":78,"column":4},"end":{"line":93,"column":69}}],"line":78},"9":{"loc":{"start":{"line":81,"column":8},"end":{"line":91,"column":9}},"type":"if","locations":[{"start":{"line":81,"column":8},"end":{"line":91,"column":9}},{"start":{"line":81,"column":8},"end":{"line":91,"column":9}}],"line":81},"10":{"loc":{"start":{"line":82,"column":10},"end":{"line":85,"column":36}},"type":"binary-expr","locations":[{"start":{"line":82,"column":10},"end":{"line":82,"column":60}},{"start":{"line":83,"column":10},"end":{"line":83,"column":34}},{"start":{"line":84,"column":10},"end":{"line":84,"column":68}},{"start":{"line":85,"column":10},"end":{"line":85,"column":36}}],"line":82},"11":{"loc":{"start":{"line":116,"column":4},"end":{"line":122,"column":69}},"type":"if","locations":[{"start":{"line":116,"column":4},"end":{"line":122,"column":69}},{"start":{"line":116,"column":4},"end":{"line":122,"column":69}}],"line":116},"12":{"loc":{"start":{"line":135,"column":4},"end":{"line":156,"column":69}},"type":"if","locations":[{"start":{"line":135,"column":4},"end":{"line":156,"column":69}},{"start":{"line":135,"column":4},"end":{"line":156,"column":69}}],"line":135},"13":{"loc":{"start":{"line":136,"column":6},"end":{"line":155,"column":57}},"type":"if","locations":[{"start":{"line":136,"column":6},"end":{"line":155,"column":57}},{"start":{"line":136,"column":6},"end":{"line":155,"column":57}}],"line":136},"14":{"loc":{"start":{"line":146,"column":8},"end":{"line":154,"column":9}},"type":"if","locations":[{"start":{"line":146,"column":8},"end":{"line":154,"column":9}},{"start":{"line":146,"column":8},"end":{"line":154,"column":9}}],"line":146},"15":{"loc":{"start":{"line":149,"column":15},"end":{"line":154,"column":9}},"type":"if","locations":[{"start":{"line":149,"column":15},"end":{"line":154,"column":9}},{"start":{"line":149,"column":15},"end":{"line":154,"column":9}}],"line":149},"16":{"loc":{"start":{"line":152,"column":15},"end":{"line":154,"column":9}},"type":"if","locations":[{"start":{"line":152,"column":15},"end":{"line":154,"column":9}},{"start":{"line":152,"column":15},"end":{"line":154,"column":9}}],"line":152},"17":{"loc":{"start":{"line":180,"column":4},"end":{"line":189,"column":55}},"type":"if","locations":[{"start":{"line":180,"column":4},"end":{"line":189,"column":55}},{"start":{"line":180,"column":4},"end":{"line":189,"column":55}}],"line":180},"18":{"loc":{"start":{"line":181,"column":6},"end":{"line":188,"column":71}},"type":"if","locations":[{"start":{"line":181,"column":6},"end":{"line":188,"column":71}},{"start":{"line":181,"column":6},"end":{"line":188,"column":71}}],"line":181},"19":{"loc":{"start":{"line":183,"column":8},"end":{"line":187,"column":64}},"type":"if","locations":[{"start":{"line":183,"column":8},"end":{"line":187,"column":64}},{"start":{"line":183,"column":8},"end":{"line":187,"column":64}}],"line":183}},"s":{"0":8,"1":8,"2":2,"3":2,"4":2,"5":2,"6":2,"7":1,"8":1,"9":1,"10":2,"11":2,"12":10,"13":5,"14":10,"15":5,"16":4,"17":4,"18":20,"19":4,"20":3,"21":3,"22":3,"23":2,"24":1,"25":1,"26":2,"27":2,"28":2,"29":2,"30":2,"31":6,"32":6,"33":2,"34":2,"35":6,"36":2,"37":3,"38":6,"39":3,"40":1,"41":1,"42":1,"43":3,"44":1,"45":1,"46":1,"47":2,"48":1,"49":1,"50":1,"51":1,"52":1,"53":1,"54":3,"55":3,"56":6,"57":3,"58":1,"59":1,"60":1,"61":3,"62":3,"63":2,"64":1,"65":1,"66":1,"67":5,"68":10,"69":5,"70":3,"71":1,"72":1,"73":3,"74":3,"75":1,"76":3,"77":3,"78":1,"79":1,"80":1,"81":0,"82":0,"83":0,"84":0,"85":0,"86":2,"87":2,"88":1,"89":1,"90":1,"91":1,"92":1,"93":1,"94":7,"95":14,"96":7,"97":5,"98":3,"99":3,"100":1,"101":1,"102":1,"103":2,"104":2,"105":2,"106":8},"f":{"0":8,"1":2,"2":2,"3":2,"4":5,"5":10,"6":20,"7":2,"8":2,"9":6,"10":3,"11":6,"12":1,"13":1,"14":3,"15":6,"16":1,"17":5,"18":10,"19":3,"20":3,"21":3,"22":3,"23":1,"24":1,"25":1,"26":7,"27":14},"b":{"0":[1,1],"1":[4,1],"2":[3,1],"3":[2,1],"4":[3,2],"5":[1,5],"6":[2,3],"7":[0,3],"8":[1,2],"9":[1,2],"10":[3,3,1,1],"11":[1,2],"12":[3,2],"13":[1,2],"14":[1,0],"15":[0,0],"16":[0,0],"17":[5,2],"18":[3,2],"19":[1,2]},"_coverageSchema":"1a1c01bbd47fc00a2c39e90264f33305004495a9","hash":"9bb0ebe21b775d53700bdcc8e8c309581eef96bc"}
}
