{"/home/theosakram/Documents/JavaScript/phase3/w3-4/final project/server/logic/Items.js": {"path":"/home/theosakram/Documents/JavaScript/phase3/w3-4/final project/server/logic/Items.js","statementMap":{"0":{"start":{"line":3,"column":4},"end":{"line":3,"column":19}},"1":{"start":{"line":9,"column":4},"end":{"line":9,"column":17}},"2":{"start":{"line":15,"column":4},"end":{"line":15,"column":17}},"3":{"start":{"line":21,"column":4},"end":{"line":21,"column":17}},"4":{"start":{"line":25,"column":0},"end":{"line":25,"column":45}}},"fnMap":{"0":{"name":"(anonymous_0)","decl":{"start":{"line":2,"column":2},"end":{"line":2,"column":3}},"loc":{"start":{"line":2,"column":16},"end":{"line":4,"column":3}},"line":2},"1":{"name":"(anonymous_1)","decl":{"start":{"line":8,"column":2},"end":{"line":8,"column":3}},"loc":{"start":{"line":8,"column":21},"end":{"line":10,"column":3}},"line":8},"2":{"name":"(anonymous_2)","decl":{"start":{"line":14,"column":2},"end":{"line":14,"column":3}},"loc":{"start":{"line":14,"column":21},"end":{"line":16,"column":3}},"line":14},"3":{"name":"(anonymous_3)","decl":{"start":{"line":20,"column":2},"end":{"line":20,"column":3}},"loc":{"start":{"line":20,"column":21},"end":{"line":22,"column":3}},"line":20}},"branchMap":{},"s":{"0":27,"1":9,"2":9,"3":9,"4":9},"f":{"0":27,"1":9,"2":9,"3":9},"b":{},"_coverageSchema":"1a1c01bbd47fc00a2c39e90264f33305004495a9","hash":"ab4cc017aaaccd4bc3170f65d6156649c84e67e9"}
,"/home/theosakram/Documents/JavaScript/phase3/w3-4/final project/server/logic/LuxuryItems.js": {"path":"/home/theosakram/Documents/JavaScript/phase3/w3-4/final project/server/logic/LuxuryItems.js","statementMap":{"0":{"start":{"line":3,"column":4},"end":{"line":3,"column":20}},"1":{"start":{"line":9,"column":4},"end":{"line":9,"column":17}},"2":{"start":{"line":10,"column":4},"end":{"line":10,"column":26}},"3":{"start":{"line":14,"column":4},"end":{"line":14,"column":25}},"4":{"start":{"line":20,"column":4},"end":{"line":20,"column":17}},"5":{"start":{"line":21,"column":4},"end":{"line":21,"column":24}},"6":{"start":{"line":24,"column":4},"end":{"line":26,"column":5}},"7":{"start":{"line":24,"column":17},"end":{"line":24,"column":18}},"8":{"start":{"line":25,"column":6},"end":{"line":25,"column":42}},"9":{"start":{"line":32,"column":4},"end":{"line":32,"column":17}},"10":{"start":{"line":33,"column":4},"end":{"line":33,"column":30}},"11":{"start":{"line":37,"column":4},"end":{"line":39,"column":5}},"12":{"start":{"line":37,"column":17},"end":{"line":37,"column":18}},"13":{"start":{"line":38,"column":6},"end":{"line":38,"column":45}},"14":{"start":{"line":45,"column":4},"end":{"line":45,"column":17}},"15":{"start":{"line":46,"column":4},"end":{"line":46,"column":33}},"16":{"start":{"line":50,"column":4},"end":{"line":52,"column":5}},"17":{"start":{"line":50,"column":17},"end":{"line":50,"column":18}},"18":{"start":{"line":51,"column":6},"end":{"line":51,"column":49}},"19":{"start":{"line":58,"column":4},"end":{"line":58,"column":20}},"20":{"start":{"line":62,"column":0},"end":{"line":62,"column":72}}},"fnMap":{"0":{"name":"(anonymous_0)","decl":{"start":{"line":2,"column":2},"end":{"line":2,"column":3}},"loc":{"start":{"line":2,"column":16},"end":{"line":4,"column":3}},"line":2},"1":{"name":"(anonymous_1)","decl":{"start":{"line":8,"column":2},"end":{"line":8,"column":3}},"loc":{"start":{"line":8,"column":21},"end":{"line":11,"column":3}},"line":8},"2":{"name":"(anonymous_2)","decl":{"start":{"line":13,"column":2},"end":{"line":13,"column":3}},"loc":{"start":{"line":13,"column":14},"end":{"line":15,"column":3}},"line":13},"3":{"name":"(anonymous_3)","decl":{"start":{"line":19,"column":2},"end":{"line":19,"column":3}},"loc":{"start":{"line":19,"column":21},"end":{"line":22,"column":3}},"line":19},"4":{"name":"(anonymous_4)","decl":{"start":{"line":23,"column":2},"end":{"line":23,"column":3}},"loc":{"start":{"line":23,"column":14},"end":{"line":27,"column":3}},"line":23},"5":{"name":"(anonymous_5)","decl":{"start":{"line":31,"column":2},"end":{"line":31,"column":3}},"loc":{"start":{"line":31,"column":21},"end":{"line":34,"column":3}},"line":31},"6":{"name":"(anonymous_6)","decl":{"start":{"line":36,"column":2},"end":{"line":36,"column":3}},"loc":{"start":{"line":36,"column":14},"end":{"line":40,"column":3}},"line":36},"7":{"name":"(anonymous_7)","decl":{"start":{"line":44,"column":2},"end":{"line":44,"column":3}},"loc":{"start":{"line":44,"column":21},"end":{"line":47,"column":3}},"line":44},"8":{"name":"(anonymous_8)","decl":{"start":{"line":49,"column":2},"end":{"line":49,"column":3}},"loc":{"start":{"line":49,"column":14},"end":{"line":53,"column":3}},"line":49},"9":{"name":"(anonymous_9)","decl":{"start":{"line":57,"column":2},"end":{"line":57,"column":3}},"loc":{"start":{"line":57,"column":16},"end":{"line":59,"column":3}},"line":57}},"branchMap":{},"s":{"0":39,"1":9,"2":9,"3":1,"4":11,"5":11,"6":3,"7":3,"8":6,"9":10,"10":10,"11":1,"12":1,"13":2,"14":9,"15":9,"16":1,"17":1,"18":2,"19":9,"20":9},"f":{"0":39,"1":9,"2":1,"3":11,"4":3,"5":10,"6":1,"7":9,"8":1,"9":9},"b":{},"_coverageSchema":"1a1c01bbd47fc00a2c39e90264f33305004495a9","hash":"899839c4234075542a247411159ab2119f93978b"}
,"/home/theosakram/Documents/JavaScript/phase3/w3-4/final project/server/logic/Module.js": {"path":"/home/theosakram/Documents/JavaScript/phase3/w3-4/final project/server/logic/Module.js","statementMap":{"0":{"start":{"line":2,"column":36},"end":{"line":2,"column":54}},"1":{"start":{"line":4,"column":13},"end":{"line":4,"column":23}},"2":{"start":{"line":5,"column":17},"end":{"line":5,"column":31}},"3":{"start":{"line":6,"column":16},"end":{"line":6,"column":29}},"4":{"start":{"line":8,"column":16},"end":{"line":8,"column":41}},"5":{"start":{"line":17,"column":4},"end":{"line":17,"column":28}},"6":{"start":{"line":19,"column":14},"end":{"line":19,"column":25}},"7":{"start":{"line":20,"column":19},"end":{"line":20,"column":35}},"8":{"start":{"line":21,"column":16},"end":{"line":21,"column":29}},"9":{"start":{"line":22,"column":16},"end":{"line":22,"column":29}},"10":{"start":{"line":23,"column":22},"end":{"line":23,"column":41}},"11":{"start":{"line":25,"column":19},"end":{"line":25,"column":71}},"12":{"start":{"line":27,"column":0},"end":{"line":27,"column":41}}},"fnMap":{},"branchMap":{},"s":{"0":9,"1":9,"2":9,"3":9,"4":9,"5":9,"6":9,"7":9,"8":9,"9":9,"10":9,"11":9,"12":9},"f":{},"b":{},"_coverageSchema":"1a1c01bbd47fc00a2c39e90264f33305004495a9","hash":"803783a165f66c1694990e7e9ea0bc95008df9f1"}
,"/home/theosakram/Documents/JavaScript/phase3/w3-4/final project/server/logic/Player.js": {"path":"/home/theosakram/Documents/JavaScript/phase3/w3-4/final project/server/logic/Player.js","statementMap":{"0":{"start":{"line":1,"column":20},"end":{"line":1,"column":39}},"1":{"start":{"line":5,"column":4},"end":{"line":5,"column":21}},"2":{"start":{"line":6,"column":4},"end":{"line":6,"column":29}},"3":{"start":{"line":7,"column":4},"end":{"line":7,"column":30}},"4":{"start":{"line":8,"column":4},"end":{"line":8,"column":18}},"5":{"start":{"line":9,"column":4},"end":{"line":9,"column":18}},"6":{"start":{"line":10,"column":4},"end":{"line":10,"column":22}},"7":{"start":{"line":11,"column":4},"end":{"line":11,"column":57}},"8":{"start":{"line":12,"column":4},"end":{"line":12,"column":24}},"9":{"start":{"line":13,"column":4},"end":{"line":13,"column":20}},"10":{"start":{"line":14,"column":4},"end":{"line":14,"column":21}},"11":{"start":{"line":15,"column":4},"end":{"line":15,"column":22}},"12":{"start":{"line":16,"column":4},"end":{"line":16,"column":21}},"13":{"start":{"line":17,"column":4},"end":{"line":17,"column":18}},"14":{"start":{"line":18,"column":4},"end":{"line":18,"column":24}},"15":{"start":{"line":22,"column":4},"end":{"line":28,"column":5}},"16":{"start":{"line":22,"column":17},"end":{"line":22,"column":18}},"17":{"start":{"line":23,"column":6},"end":{"line":27,"column":9}},"18":{"start":{"line":32,"column":4},"end":{"line":45,"column":48}},"19":{"start":{"line":33,"column":21},"end":{"line":33,"column":77}},"20":{"start":{"line":33,"column":59},"end":{"line":33,"column":76}},"21":{"start":{"line":34,"column":6},"end":{"line":44,"column":71}},"22":{"start":{"line":35,"column":8},"end":{"line":42,"column":9}},"23":{"start":{"line":36,"column":10},"end":{"line":36,"column":35}},"24":{"start":{"line":37,"column":10},"end":{"line":37,"column":49}},"25":{"start":{"line":39,"column":10},"end":{"line":39,"column":38}},"26":{"start":{"line":40,"column":10},"end":{"line":40,"column":35}},"27":{"start":{"line":41,"column":10},"end":{"line":41,"column":49}},"28":{"start":{"line":43,"column":8},"end":{"line":43,"column":26}},"29":{"start":{"line":44,"column":13},"end":{"line":44,"column":71}},"30":{"start":{"line":45,"column":11},"end":{"line":45,"column":48}},"31":{"start":{"line":49,"column":4},"end":{"line":57,"column":28}},"32":{"start":{"line":61,"column":4},"end":{"line":65,"column":48}},"33":{"start":{"line":62,"column":6},"end":{"line":62,"column":30}},"34":{"start":{"line":63,"column":6},"end":{"line":63,"column":28}},"35":{"start":{"line":64,"column":6},"end":{"line":64,"column":24}},"36":{"start":{"line":65,"column":11},"end":{"line":65,"column":48}},"37":{"start":{"line":69,"column":4},"end":{"line":74,"column":5}},"38":{"start":{"line":69,"column":17},"end":{"line":69,"column":18}},"39":{"start":{"line":70,"column":6},"end":{"line":73,"column":7}},"40":{"start":{"line":71,"column":8},"end":{"line":71,"column":26}},"41":{"start":{"line":72,"column":8},"end":{"line":72,"column":46}},"42":{"start":{"line":78,"column":4},"end":{"line":78,"column":29}},"43":{"start":{"line":84,"column":4},"end":{"line":84,"column":24}},"44":{"start":{"line":85,"column":4},"end":{"line":85,"column":31}},"45":{"start":{"line":86,"column":4},"end":{"line":86,"column":28}},"46":{"start":{"line":87,"column":4},"end":{"line":87,"column":24}},"47":{"start":{"line":88,"column":4},"end":{"line":88,"column":28}},"48":{"start":{"line":89,"column":4},"end":{"line":89,"column":28}},"49":{"start":{"line":90,"column":4},"end":{"line":90,"column":27}},"50":{"start":{"line":94,"column":23},"end":{"line":94,"column":36}},"51":{"start":{"line":95,"column":20},"end":{"line":95,"column":64}},"52":{"start":{"line":96,"column":4},"end":{"line":106,"column":5}},"53":{"start":{"line":97,"column":6},"end":{"line":97,"column":26}},"54":{"start":{"line":98,"column":6},"end":{"line":98,"column":29}},"55":{"start":{"line":100,"column":23},"end":{"line":100,"column":36}},"56":{"start":{"line":101,"column":21},"end":{"line":101,"column":51}},"57":{"start":{"line":102,"column":6},"end":{"line":105,"column":7}},"58":{"start":{"line":103,"column":8},"end":{"line":103,"column":27}},"59":{"start":{"line":104,"column":8},"end":{"line":104,"column":53}},"60":{"start":{"line":110,"column":4},"end":{"line":110,"column":23}},"61":{"start":{"line":111,"column":4},"end":{"line":111,"column":33}},"62":{"start":{"line":115,"column":0},"end":{"line":115,"column":24}}},"fnMap":{"0":{"name":"(anonymous_0)","decl":{"start":{"line":4,"column":2},"end":{"line":4,"column":3}},"loc":{"start":{"line":4,"column":20},"end":{"line":19,"column":3}},"line":4},"1":{"name":"(anonymous_1)","decl":{"start":{"line":21,"column":2},"end":{"line":21,"column":3}},"loc":{"start":{"line":21,"column":11},"end":{"line":29,"column":3}},"line":21},"2":{"name":"(anonymous_2)","decl":{"start":{"line":31,"column":2},"end":{"line":31,"column":3}},"loc":{"start":{"line":31,"column":25},"end":{"line":46,"column":3}},"line":31},"3":{"name":"(anonymous_3)","decl":{"start":{"line":33,"column":44},"end":{"line":33,"column":45}},"loc":{"start":{"line":33,"column":59},"end":{"line":33,"column":76}},"line":33},"4":{"name":"(anonymous_4)","decl":{"start":{"line":48,"column":2},"end":{"line":48,"column":3}},"loc":{"start":{"line":48,"column":17},"end":{"line":58,"column":3}},"line":48},"5":{"name":"(anonymous_5)","decl":{"start":{"line":60,"column":2},"end":{"line":60,"column":3}},"loc":{"start":{"line":60,"column":31},"end":{"line":66,"column":3}},"line":60},"6":{"name":"(anonymous_6)","decl":{"start":{"line":68,"column":2},"end":{"line":68,"column":3}},"loc":{"start":{"line":68,"column":19},"end":{"line":75,"column":3}},"line":68},"7":{"name":"(anonymous_7)","decl":{"start":{"line":77,"column":2},"end":{"line":77,"column":3}},"loc":{"start":{"line":77,"column":21},"end":{"line":79,"column":3}},"line":77},"8":{"name":"(anonymous_8)","decl":{"start":{"line":83,"column":2},"end":{"line":83,"column":3}},"loc":{"start":{"line":83,"column":16},"end":{"line":91,"column":3}},"line":83},"9":{"name":"(anonymous_9)","decl":{"start":{"line":93,"column":2},"end":{"line":93,"column":3}},"loc":{"start":{"line":93,"column":16},"end":{"line":107,"column":3}},"line":93},"10":{"name":"(anonymous_10)","decl":{"start":{"line":109,"column":2},"end":{"line":109,"column":3}},"loc":{"start":{"line":109,"column":17},"end":{"line":112,"column":3}},"line":109}},"branchMap":{"0":{"loc":{"start":{"line":32,"column":4},"end":{"line":45,"column":48}},"type":"if","locations":[{"start":{"line":32,"column":4},"end":{"line":45,"column":48}},{"start":{"line":32,"column":4},"end":{"line":45,"column":48}}],"line":32},"1":{"loc":{"start":{"line":34,"column":6},"end":{"line":44,"column":71}},"type":"if","locations":[{"start":{"line":34,"column":6},"end":{"line":44,"column":71}},{"start":{"line":34,"column":6},"end":{"line":44,"column":71}}],"line":34},"2":{"loc":{"start":{"line":35,"column":8},"end":{"line":42,"column":9}},"type":"if","locations":[{"start":{"line":35,"column":8},"end":{"line":42,"column":9}},{"start":{"line":35,"column":8},"end":{"line":42,"column":9}}],"line":35},"3":{"loc":{"start":{"line":35,"column":12},"end":{"line":35,"column":62}},"type":"binary-expr","locations":[{"start":{"line":35,"column":12},"end":{"line":35,"column":43}},{"start":{"line":35,"column":47},"end":{"line":35,"column":62}}],"line":35},"4":{"loc":{"start":{"line":49,"column":4},"end":{"line":57,"column":27}},"type":"cond-expr","locations":[{"start":{"line":50,"column":9},"end":{"line":50,"column":26}},{"start":{"line":51,"column":8},"end":{"line":57,"column":27}}],"line":49},"5":{"loc":{"start":{"line":51,"column":8},"end":{"line":57,"column":27}},"type":"cond-expr","locations":[{"start":{"line":52,"column":9},"end":{"line":52,"column":26}},{"start":{"line":53,"column":8},"end":{"line":57,"column":27}}],"line":51},"6":{"loc":{"start":{"line":53,"column":8},"end":{"line":57,"column":27}},"type":"cond-expr","locations":[{"start":{"line":54,"column":9},"end":{"line":54,"column":26}},{"start":{"line":55,"column":8},"end":{"line":57,"column":27}}],"line":53},"7":{"loc":{"start":{"line":55,"column":8},"end":{"line":57,"column":27}},"type":"cond-expr","locations":[{"start":{"line":56,"column":9},"end":{"line":56,"column":26}},{"start":{"line":57,"column":9},"end":{"line":57,"column":26}}],"line":55},"8":{"loc":{"start":{"line":61,"column":4},"end":{"line":65,"column":48}},"type":"if","locations":[{"start":{"line":61,"column":4},"end":{"line":65,"column":48}},{"start":{"line":61,"column":4},"end":{"line":65,"column":48}}],"line":61},"9":{"loc":{"start":{"line":70,"column":6},"end":{"line":73,"column":7}},"type":"if","locations":[{"start":{"line":70,"column":6},"end":{"line":73,"column":7}},{"start":{"line":70,"column":6},"end":{"line":73,"column":7}}],"line":70},"10":{"loc":{"start":{"line":95,"column":20},"end":{"line":95,"column":64}},"type":"cond-expr","locations":[{"start":{"line":95,"column":52},"end":{"line":95,"column":57}},{"start":{"line":95,"column":60},"end":{"line":95,"column":64}}],"line":95},"11":{"loc":{"start":{"line":96,"column":4},"end":{"line":106,"column":5}},"type":"if","locations":[{"start":{"line":96,"column":4},"end":{"line":106,"column":5}},{"start":{"line":96,"column":4},"end":{"line":106,"column":5}}],"line":96},"12":{"loc":{"start":{"line":101,"column":21},"end":{"line":101,"column":51}},"type":"cond-expr","locations":[{"start":{"line":101,"column":39},"end":{"line":101,"column":44}},{"start":{"line":101,"column":47},"end":{"line":101,"column":51}}],"line":101},"13":{"loc":{"start":{"line":102,"column":6},"end":{"line":105,"column":7}},"type":"if","locations":[{"start":{"line":102,"column":6},"end":{"line":105,"column":7}},{"start":{"line":102,"column":6},"end":{"line":105,"column":7}}],"line":102}},"s":{"0":9,"1":30,"2":30,"3":30,"4":30,"5":30,"6":30,"7":30,"8":30,"9":30,"10":30,"11":30,"12":30,"13":30,"14":30,"15":30,"16":30,"17":90,"18":6,"19":5,"20":10,"21":5,"22":4,"23":2,"24":2,"25":2,"26":2,"27":2,"28":4,"29":1,"30":1,"31":31,"32":2,"33":1,"34":1,"35":1,"36":1,"37":1,"38":1,"39":2,"40":0,"41":0,"42":2,"43":60,"44":60,"45":60,"46":60,"47":60,"48":60,"49":60,"50":1,"51":1,"52":1,"53":0,"54":0,"55":1,"56":1,"57":1,"58":0,"59":0,"60":20,"61":20,"62":9},"f":{"0":30,"1":30,"2":6,"3":10,"4":31,"5":2,"6":1,"7":2,"8":60,"9":1,"10":20},"b":{"0":[5,1],"1":[4,1],"2":[2,2],"3":[4,2],"4":[30,1],"5":[1,0],"6":[0,0],"7":[0,0],"8":[1,1],"9":[0,2],"10":[1,0],"11":[0,1],"12":[1,0],"13":[0,1]},"_coverageSchema":"1a1c01bbd47fc00a2c39e90264f33305004495a9","hash":"9a897643049cdb0e514b63f80296a11837a43c50"}
,"/home/theosakram/Documents/JavaScript/phase3/w3-4/final project/server/logic/Tiles.js": {"path":"/home/theosakram/Documents/JavaScript/phase3/w3-4/final project/server/logic/Tiles.js","statementMap":{"0":{"start":{"line":1,"column":32},"end":{"line":1,"column":51}},"1":{"start":{"line":5,"column":4},"end":{"line":5,"column":33}},"2":{"start":{"line":11,"column":4},"end":{"line":11,"column":22}},"3":{"start":{"line":12,"column":4},"end":{"line":12,"column":34}},"4":{"start":{"line":13,"column":4},"end":{"line":13,"column":20}},"5":{"start":{"line":14,"column":4},"end":{"line":14,"column":20}},"6":{"start":{"line":18,"column":4},"end":{"line":28,"column":48}},"7":{"start":{"line":19,"column":20},"end":{"line":19,"column":78}},"8":{"start":{"line":19,"column":60},"end":{"line":19,"column":77}},"9":{"start":{"line":20,"column":6},"end":{"line":27,"column":66}},"10":{"start":{"line":21,"column":8},"end":{"line":26,"column":60}},"11":{"start":{"line":22,"column":10},"end":{"line":22,"column":41}},"12":{"start":{"line":23,"column":10},"end":{"line":23,"column":30}},"13":{"start":{"line":24,"column":10},"end":{"line":24,"column":28}},"14":{"start":{"line":25,"column":10},"end":{"line":25,"column":30}},"15":{"start":{"line":26,"column":15},"end":{"line":26,"column":60}},"16":{"start":{"line":27,"column":13},"end":{"line":27,"column":66}},"17":{"start":{"line":28,"column":11},"end":{"line":28,"column":48}},"18":{"start":{"line":32,"column":4},"end":{"line":34,"column":5}},"19":{"start":{"line":32,"column":17},"end":{"line":32,"column":18}},"20":{"start":{"line":33,"column":6},"end":{"line":33,"column":37}},"21":{"start":{"line":38,"column":4},"end":{"line":58,"column":48}},"22":{"start":{"line":39,"column":20},"end":{"line":39,"column":78}},"23":{"start":{"line":39,"column":60},"end":{"line":39,"column":77}},"24":{"start":{"line":40,"column":6},"end":{"line":57,"column":66}},"25":{"start":{"line":41,"column":25},"end":{"line":43,"column":12}},"26":{"start":{"line":42,"column":20},"end":{"line":42,"column":43}},"27":{"start":{"line":44,"column":8},"end":{"line":56,"column":60}},"28":{"start":{"line":45,"column":10},"end":{"line":45,"column":41}},"29":{"start":{"line":46,"column":10},"end":{"line":46,"column":42}},"30":{"start":{"line":47,"column":10},"end":{"line":47,"column":55}},"31":{"start":{"line":48,"column":10},"end":{"line":48,"column":30}},"32":{"start":{"line":50,"column":10},"end":{"line":55,"column":11}},"33":{"start":{"line":54,"column":12},"end":{"line":54,"column":35}},"34":{"start":{"line":56,"column":15},"end":{"line":56,"column":60}},"35":{"start":{"line":57,"column":13},"end":{"line":57,"column":66}},"36":{"start":{"line":58,"column":11},"end":{"line":58,"column":48}},"37":{"start":{"line":64,"column":4},"end":{"line":64,"column":22}},"38":{"start":{"line":65,"column":4},"end":{"line":65,"column":29}},"39":{"start":{"line":66,"column":4},"end":{"line":66,"column":23}},"40":{"start":{"line":67,"column":4},"end":{"line":67,"column":22}},"41":{"start":{"line":71,"column":23},"end":{"line":74,"column":5}},"42":{"start":{"line":72,"column":17},"end":{"line":72,"column":46}},"43":{"start":{"line":73,"column":6},"end":{"line":73,"column":62}},"44":{"start":{"line":76,"column":4},"end":{"line":81,"column":5}},"45":{"start":{"line":76,"column":17},"end":{"line":76,"column":18}},"46":{"start":{"line":77,"column":6},"end":{"line":80,"column":9}},"47":{"start":{"line":83,"column":4},"end":{"line":83,"column":16}},"48":{"start":{"line":87,"column":4},"end":{"line":106,"column":48}},"49":{"start":{"line":88,"column":20},"end":{"line":88,"column":78}},"50":{"start":{"line":88,"column":60},"end":{"line":88,"column":77}},"51":{"start":{"line":89,"column":6},"end":{"line":105,"column":71}},"52":{"start":{"line":90,"column":8},"end":{"line":90,"column":39}},"53":{"start":{"line":91,"column":8},"end":{"line":104,"column":9}},"54":{"start":{"line":91,"column":21},"end":{"line":91,"column":22}},"55":{"start":{"line":92,"column":10},"end":{"line":103,"column":11}},"56":{"start":{"line":98,"column":12},"end":{"line":98,"column":67}},"57":{"start":{"line":99,"column":12},"end":{"line":100,"column":71}},"58":{"start":{"line":101,"column":12},"end":{"line":101,"column":43}},"59":{"start":{"line":102,"column":12},"end":{"line":102,"column":32}},"60":{"start":{"line":105,"column":13},"end":{"line":105,"column":71}},"61":{"start":{"line":106,"column":11},"end":{"line":106,"column":48}},"62":{"start":{"line":112,"column":4},"end":{"line":112,"column":22}},"63":{"start":{"line":113,"column":4},"end":{"line":113,"column":32}},"64":{"start":{"line":114,"column":4},"end":{"line":114,"column":20}},"65":{"start":{"line":115,"column":4},"end":{"line":115,"column":20}},"66":{"start":{"line":119,"column":4},"end":{"line":124,"column":5}},"67":{"start":{"line":119,"column":17},"end":{"line":119,"column":18}},"68":{"start":{"line":120,"column":6},"end":{"line":123,"column":9}},"69":{"start":{"line":128,"column":4},"end":{"line":138,"column":48}},"70":{"start":{"line":129,"column":20},"end":{"line":129,"column":78}},"71":{"start":{"line":129,"column":60},"end":{"line":129,"column":77}},"72":{"start":{"line":130,"column":6},"end":{"line":137,"column":71}},"73":{"start":{"line":131,"column":8},"end":{"line":131,"column":39}},"74":{"start":{"line":132,"column":8},"end":{"line":135,"column":9}},"75":{"start":{"line":132,"column":21},"end":{"line":132,"column":22}},"76":{"start":{"line":133,"column":10},"end":{"line":133,"column":65}},"77":{"start":{"line":134,"column":10},"end":{"line":134,"column":48}},"78":{"start":{"line":136,"column":8},"end":{"line":136,"column":28}},"79":{"start":{"line":137,"column":13},"end":{"line":137,"column":71}},"80":{"start":{"line":138,"column":11},"end":{"line":138,"column":48}},"81":{"start":{"line":144,"column":4},"end":{"line":144,"column":22}},"82":{"start":{"line":145,"column":4},"end":{"line":145,"column":32}},"83":{"start":{"line":146,"column":4},"end":{"line":146,"column":29}},"84":{"start":{"line":150,"column":4},"end":{"line":176,"column":48}},"85":{"start":{"line":151,"column":20},"end":{"line":151,"column":78}},"86":{"start":{"line":151,"column":60},"end":{"line":151,"column":77}},"87":{"start":{"line":152,"column":6},"end":{"line":175,"column":71}},"88":{"start":{"line":153,"column":8},"end":{"line":174,"column":59}},"89":{"start":{"line":154,"column":10},"end":{"line":154,"column":41}},"90":{"start":{"line":155,"column":27},"end":{"line":157,"column":38}},"91":{"start":{"line":156,"column":12},"end":{"line":156,"column":40}},"92":{"start":{"line":157,"column":29},"end":{"line":157,"column":34}},"93":{"start":{"line":159,"column":23},"end":{"line":161,"column":38}},"94":{"start":{"line":160,"column":12},"end":{"line":160,"column":40}},"95":{"start":{"line":161,"column":29},"end":{"line":161,"column":34}},"96":{"start":{"line":163,"column":10},"end":{"line":171,"column":11}},"97":{"start":{"line":164,"column":12},"end":{"line":164,"column":47}},"98":{"start":{"line":165,"column":12},"end":{"line":165,"column":29}},"99":{"start":{"line":166,"column":17},"end":{"line":171,"column":11}},"100":{"start":{"line":167,"column":12},"end":{"line":167,"column":39}},"101":{"start":{"line":168,"column":12},"end":{"line":168,"column":29}},"102":{"start":{"line":169,"column":17},"end":{"line":171,"column":11}},"103":{"start":{"line":170,"column":12},"end":{"line":170,"column":41}},"104":{"start":{"line":173,"column":10},"end":{"line":173,"column":30}},"105":{"start":{"line":174,"column":15},"end":{"line":174,"column":59}},"106":{"start":{"line":175,"column":13},"end":{"line":175,"column":71}},"107":{"start":{"line":176,"column":11},"end":{"line":176,"column":48}},"108":{"start":{"line":182,"column":4},"end":{"line":182,"column":22}},"109":{"start":{"line":183,"column":4},"end":{"line":183,"column":36}},"110":{"start":{"line":187,"column":4},"end":{"line":187,"column":28}},"111":{"start":{"line":188,"column":4},"end":{"line":188,"column":59}},"112":{"start":{"line":194,"column":4},"end":{"line":194,"column":22}},"113":{"start":{"line":195,"column":4},"end":{"line":195,"column":34}},"114":{"start":{"line":199,"column":4},"end":{"line":212,"column":48}},"115":{"start":{"line":200,"column":20},"end":{"line":200,"column":78}},"116":{"start":{"line":200,"column":60},"end":{"line":200,"column":77}},"117":{"start":{"line":201,"column":6},"end":{"line":211,"column":57}},"118":{"start":{"line":202,"column":8},"end":{"line":210,"column":73}},"119":{"start":{"line":203,"column":10},"end":{"line":209,"column":66}},"120":{"start":{"line":204,"column":12},"end":{"line":204,"column":30}},"121":{"start":{"line":205,"column":12},"end":{"line":205,"column":29}},"122":{"start":{"line":206,"column":12},"end":{"line":206,"column":29}},"123":{"start":{"line":207,"column":12},"end":{"line":207,"column":47}},"124":{"start":{"line":208,"column":12},"end":{"line":208,"column":32}},"125":{"start":{"line":209,"column":17},"end":{"line":209,"column":66}},"126":{"start":{"line":210,"column":15},"end":{"line":210,"column":73}},"127":{"start":{"line":211,"column":13},"end":{"line":211,"column":57}},"128":{"start":{"line":212,"column":11},"end":{"line":212,"column":48}},"129":{"start":{"line":216,"column":0},"end":{"line":223,"column":2}}},"fnMap":{"0":{"name":"(anonymous_0)","decl":{"start":{"line":4,"column":2},"end":{"line":4,"column":3}},"loc":{"start":{"line":4,"column":26},"end":{"line":6,"column":3}},"line":4},"1":{"name":"(anonymous_1)","decl":{"start":{"line":10,"column":2},"end":{"line":10,"column":3}},"loc":{"start":{"line":10,"column":26},"end":{"line":15,"column":3}},"line":10},"2":{"name":"(anonymous_2)","decl":{"start":{"line":17,"column":2},"end":{"line":17,"column":3}},"loc":{"start":{"line":17,"column":22},"end":{"line":29,"column":3}},"line":17},"3":{"name":"(anonymous_3)","decl":{"start":{"line":19,"column":45},"end":{"line":19,"column":46}},"loc":{"start":{"line":19,"column":60},"end":{"line":19,"column":77}},"line":19},"4":{"name":"(anonymous_4)","decl":{"start":{"line":31,"column":2},"end":{"line":31,"column":3}},"loc":{"start":{"line":31,"column":13},"end":{"line":35,"column":3}},"line":31},"5":{"name":"(anonymous_5)","decl":{"start":{"line":37,"column":2},"end":{"line":37,"column":3}},"loc":{"start":{"line":37,"column":33},"end":{"line":59,"column":3}},"line":37},"6":{"name":"(anonymous_6)","decl":{"start":{"line":39,"column":45},"end":{"line":39,"column":46}},"loc":{"start":{"line":39,"column":60},"end":{"line":39,"column":77}},"line":39},"7":{"name":"(anonymous_7)","decl":{"start":{"line":42,"column":10},"end":{"line":42,"column":11}},"loc":{"start":{"line":42,"column":20},"end":{"line":42,"column":43}},"line":42},"8":{"name":"(anonymous_8)","decl":{"start":{"line":63,"column":2},"end":{"line":63,"column":3}},"loc":{"start":{"line":63,"column":26},"end":{"line":68,"column":3}},"line":63},"9":{"name":"(anonymous_9)","decl":{"start":{"line":70,"column":2},"end":{"line":70,"column":3}},"loc":{"start":{"line":70,"column":15},"end":{"line":84,"column":3}},"line":70},"10":{"name":"(anonymous_10)","decl":{"start":{"line":71,"column":23},"end":{"line":71,"column":24}},"loc":{"start":{"line":71,"column":30},"end":{"line":74,"column":5}},"line":71},"11":{"name":"(anonymous_11)","decl":{"start":{"line":86,"column":2},"end":{"line":86,"column":3}},"loc":{"start":{"line":86,"column":22},"end":{"line":107,"column":3}},"line":86},"12":{"name":"(anonymous_12)","decl":{"start":{"line":88,"column":45},"end":{"line":88,"column":46}},"loc":{"start":{"line":88,"column":60},"end":{"line":88,"column":77}},"line":88},"13":{"name":"(anonymous_13)","decl":{"start":{"line":111,"column":2},"end":{"line":111,"column":3}},"loc":{"start":{"line":111,"column":26},"end":{"line":116,"column":3}},"line":111},"14":{"name":"(anonymous_14)","decl":{"start":{"line":118,"column":2},"end":{"line":118,"column":3}},"loc":{"start":{"line":118,"column":13},"end":{"line":125,"column":3}},"line":118},"15":{"name":"(anonymous_15)","decl":{"start":{"line":127,"column":2},"end":{"line":127,"column":3}},"loc":{"start":{"line":127,"column":22},"end":{"line":139,"column":3}},"line":127},"16":{"name":"(anonymous_16)","decl":{"start":{"line":129,"column":45},"end":{"line":129,"column":46}},"loc":{"start":{"line":129,"column":60},"end":{"line":129,"column":77}},"line":129},"17":{"name":"(anonymous_17)","decl":{"start":{"line":143,"column":2},"end":{"line":143,"column":3}},"loc":{"start":{"line":143,"column":26},"end":{"line":147,"column":3}},"line":143},"18":{"name":"(anonymous_18)","decl":{"start":{"line":149,"column":2},"end":{"line":149,"column":3}},"loc":{"start":{"line":149,"column":20},"end":{"line":177,"column":3}},"line":149},"19":{"name":"(anonymous_19)","decl":{"start":{"line":151,"column":45},"end":{"line":151,"column":46}},"loc":{"start":{"line":151,"column":60},"end":{"line":151,"column":77}},"line":151},"20":{"name":"(anonymous_20)","decl":{"start":{"line":155,"column":53},"end":{"line":155,"column":54}},"loc":{"start":{"line":156,"column":12},"end":{"line":156,"column":40}},"line":156},"21":{"name":"(anonymous_21)","decl":{"start":{"line":157,"column":19},"end":{"line":157,"column":20}},"loc":{"start":{"line":157,"column":29},"end":{"line":157,"column":34}},"line":157},"22":{"name":"(anonymous_22)","decl":{"start":{"line":159,"column":49},"end":{"line":159,"column":50}},"loc":{"start":{"line":160,"column":12},"end":{"line":160,"column":40}},"line":160},"23":{"name":"(anonymous_23)","decl":{"start":{"line":161,"column":19},"end":{"line":161,"column":20}},"loc":{"start":{"line":161,"column":29},"end":{"line":161,"column":34}},"line":161},"24":{"name":"(anonymous_24)","decl":{"start":{"line":181,"column":2},"end":{"line":181,"column":3}},"loc":{"start":{"line":181,"column":26},"end":{"line":184,"column":3}},"line":181},"25":{"name":"(anonymous_25)","decl":{"start":{"line":186,"column":2},"end":{"line":186,"column":3}},"loc":{"start":{"line":186,"column":20},"end":{"line":189,"column":3}},"line":186},"26":{"name":"(anonymous_26)","decl":{"start":{"line":193,"column":2},"end":{"line":193,"column":3}},"loc":{"start":{"line":193,"column":26},"end":{"line":196,"column":3}},"line":193},"27":{"name":"(anonymous_27)","decl":{"start":{"line":198,"column":2},"end":{"line":198,"column":3}},"loc":{"start":{"line":198,"column":18},"end":{"line":213,"column":3}},"line":198},"28":{"name":"(anonymous_28)","decl":{"start":{"line":200,"column":45},"end":{"line":200,"column":46}},"loc":{"start":{"line":200,"column":60},"end":{"line":200,"column":77}},"line":200}},"branchMap":{"0":{"loc":{"start":{"line":18,"column":4},"end":{"line":28,"column":48}},"type":"if","locations":[{"start":{"line":18,"column":4},"end":{"line":28,"column":48}},{"start":{"line":18,"column":4},"end":{"line":28,"column":48}}],"line":18},"1":{"loc":{"start":{"line":20,"column":6},"end":{"line":27,"column":66}},"type":"if","locations":[{"start":{"line":20,"column":6},"end":{"line":27,"column":66}},{"start":{"line":20,"column":6},"end":{"line":27,"column":66}}],"line":20},"2":{"loc":{"start":{"line":21,"column":8},"end":{"line":26,"column":60}},"type":"if","locations":[{"start":{"line":21,"column":8},"end":{"line":26,"column":60}},{"start":{"line":21,"column":8},"end":{"line":26,"column":60}}],"line":21},"3":{"loc":{"start":{"line":38,"column":4},"end":{"line":58,"column":48}},"type":"if","locations":[{"start":{"line":38,"column":4},"end":{"line":58,"column":48}},{"start":{"line":38,"column":4},"end":{"line":58,"column":48}}],"line":38},"4":{"loc":{"start":{"line":40,"column":6},"end":{"line":57,"column":66}},"type":"if","locations":[{"start":{"line":40,"column":6},"end":{"line":57,"column":66}},{"start":{"line":40,"column":6},"end":{"line":57,"column":66}}],"line":40},"5":{"loc":{"start":{"line":44,"column":8},"end":{"line":56,"column":60}},"type":"if","locations":[{"start":{"line":44,"column":8},"end":{"line":56,"column":60}},{"start":{"line":44,"column":8},"end":{"line":56,"column":60}}],"line":44},"6":{"loc":{"start":{"line":50,"column":10},"end":{"line":55,"column":11}},"type":"if","locations":[{"start":{"line":50,"column":10},"end":{"line":55,"column":11}},{"start":{"line":50,"column":10},"end":{"line":55,"column":11}}],"line":50},"7":{"loc":{"start":{"line":51,"column":12},"end":{"line":52,"column":48}},"type":"binary-expr","locations":[{"start":{"line":51,"column":12},"end":{"line":51,"column":41}},{"start":{"line":52,"column":12},"end":{"line":52,"column":48}}],"line":51},"8":{"loc":{"start":{"line":73,"column":13},"end":{"line":73,"column":61}},"type":"cond-expr","locations":[{"start":{"line":73,"column":25},"end":{"line":73,"column":26}},{"start":{"line":73,"column":29},"end":{"line":73,"column":61}}],"line":73},"9":{"loc":{"start":{"line":73,"column":29},"end":{"line":73,"column":61}},"type":"cond-expr","locations":[{"start":{"line":73,"column":41},"end":{"line":73,"column":42}},{"start":{"line":73,"column":45},"end":{"line":73,"column":61}}],"line":73},"10":{"loc":{"start":{"line":73,"column":45},"end":{"line":73,"column":61}},"type":"cond-expr","locations":[{"start":{"line":73,"column":56},"end":{"line":73,"column":57}},{"start":{"line":73,"column":60},"end":{"line":73,"column":61}}],"line":73},"11":{"loc":{"start":{"line":87,"column":4},"end":{"line":106,"column":48}},"type":"if","locations":[{"start":{"line":87,"column":4},"end":{"line":106,"column":48}},{"start":{"line":87,"column":4},"end":{"line":106,"column":48}}],"line":87},"12":{"loc":{"start":{"line":89,"column":6},"end":{"line":105,"column":71}},"type":"if","locations":[{"start":{"line":89,"column":6},"end":{"line":105,"column":71}},{"start":{"line":89,"column":6},"end":{"line":105,"column":71}}],"line":89},"13":{"loc":{"start":{"line":92,"column":10},"end":{"line":103,"column":11}},"type":"if","locations":[{"start":{"line":92,"column":10},"end":{"line":103,"column":11}},{"start":{"line":92,"column":10},"end":{"line":103,"column":11}}],"line":92},"14":{"loc":{"start":{"line":93,"column":12},"end":{"line":96,"column":38}},"type":"binary-expr","locations":[{"start":{"line":93,"column":12},"end":{"line":93,"column":62}},{"start":{"line":94,"column":12},"end":{"line":94,"column":36}},{"start":{"line":95,"column":12},"end":{"line":95,"column":70}},{"start":{"line":96,"column":12},"end":{"line":96,"column":38}}],"line":93},"15":{"loc":{"start":{"line":128,"column":4},"end":{"line":138,"column":48}},"type":"if","locations":[{"start":{"line":128,"column":4},"end":{"line":138,"column":48}},{"start":{"line":128,"column":4},"end":{"line":138,"column":48}}],"line":128},"16":{"loc":{"start":{"line":130,"column":6},"end":{"line":137,"column":71}},"type":"if","locations":[{"start":{"line":130,"column":6},"end":{"line":137,"column":71}},{"start":{"line":130,"column":6},"end":{"line":137,"column":71}}],"line":130},"17":{"loc":{"start":{"line":150,"column":4},"end":{"line":176,"column":48}},"type":"if","locations":[{"start":{"line":150,"column":4},"end":{"line":176,"column":48}},{"start":{"line":150,"column":4},"end":{"line":176,"column":48}}],"line":150},"18":{"loc":{"start":{"line":152,"column":6},"end":{"line":175,"column":71}},"type":"if","locations":[{"start":{"line":152,"column":6},"end":{"line":175,"column":71}},{"start":{"line":152,"column":6},"end":{"line":175,"column":71}}],"line":152},"19":{"loc":{"start":{"line":153,"column":8},"end":{"line":174,"column":59}},"type":"if","locations":[{"start":{"line":153,"column":8},"end":{"line":174,"column":59}},{"start":{"line":153,"column":8},"end":{"line":174,"column":59}}],"line":153},"20":{"loc":{"start":{"line":163,"column":10},"end":{"line":171,"column":11}},"type":"if","locations":[{"start":{"line":163,"column":10},"end":{"line":171,"column":11}},{"start":{"line":163,"column":10},"end":{"line":171,"column":11}}],"line":163},"21":{"loc":{"start":{"line":166,"column":17},"end":{"line":171,"column":11}},"type":"if","locations":[{"start":{"line":166,"column":17},"end":{"line":171,"column":11}},{"start":{"line":166,"column":17},"end":{"line":171,"column":11}}],"line":166},"22":{"loc":{"start":{"line":169,"column":17},"end":{"line":171,"column":11}},"type":"if","locations":[{"start":{"line":169,"column":17},"end":{"line":171,"column":11}},{"start":{"line":169,"column":17},"end":{"line":171,"column":11}}],"line":169},"23":{"loc":{"start":{"line":199,"column":4},"end":{"line":212,"column":48}},"type":"if","locations":[{"start":{"line":199,"column":4},"end":{"line":212,"column":48}},{"start":{"line":199,"column":4},"end":{"line":212,"column":48}}],"line":199},"24":{"loc":{"start":{"line":201,"column":6},"end":{"line":211,"column":57}},"type":"if","locations":[{"start":{"line":201,"column":6},"end":{"line":211,"column":57}},{"start":{"line":201,"column":6},"end":{"line":211,"column":57}}],"line":201},"25":{"loc":{"start":{"line":202,"column":8},"end":{"line":210,"column":73}},"type":"if","locations":[{"start":{"line":202,"column":8},"end":{"line":210,"column":73}},{"start":{"line":202,"column":8},"end":{"line":210,"column":73}}],"line":202},"26":{"loc":{"start":{"line":203,"column":10},"end":{"line":209,"column":66}},"type":"if","locations":[{"start":{"line":203,"column":10},"end":{"line":209,"column":66}},{"start":{"line":203,"column":10},"end":{"line":209,"column":66}}],"line":203}},"s":{"0":8,"1":10,"2":3,"3":3,"4":3,"5":3,"6":4,"7":3,"8":6,"9":3,"10":2,"11":1,"12":1,"13":1,"14":1,"15":1,"16":1,"17":1,"18":3,"19":3,"20":15,"21":6,"22":5,"23":10,"24":5,"25":4,"26":20,"27":4,"28":3,"29":3,"30":3,"31":3,"32":3,"33":2,"34":1,"35":1,"36":1,"37":3,"38":3,"39":3,"40":3,"41":3,"42":9,"43":9,"44":3,"45":3,"46":9,"47":3,"48":4,"49":3,"50":6,"51":3,"52":1,"53":1,"54":1,"55":3,"56":3,"57":3,"58":3,"59":3,"60":2,"61":1,"62":1,"63":1,"64":1,"65":1,"66":1,"67":1,"68":3,"69":4,"70":3,"71":6,"72":3,"73":1,"74":1,"75":1,"76":3,"77":3,"78":1,"79":2,"80":1,"81":1,"82":1,"83":1,"84":6,"85":5,"86":10,"87":5,"88":3,"89":1,"90":1,"91":3,"92":3,"93":1,"94":3,"95":3,"96":1,"97":0,"98":0,"99":1,"100":1,"101":1,"102":0,"103":0,"104":1,"105":2,"106":2,"107":1,"108":1,"109":1,"110":1,"111":1,"112":1,"113":1,"114":8,"115":7,"116":14,"117":7,"118":5,"119":3,"120":1,"121":1,"122":1,"123":1,"124":1,"125":2,"126":2,"127":2,"128":1,"129":8},"f":{"0":10,"1":3,"2":4,"3":6,"4":3,"5":6,"6":10,"7":20,"8":3,"9":3,"10":9,"11":4,"12":6,"13":1,"14":1,"15":4,"16":6,"17":1,"18":6,"19":10,"20":3,"21":3,"22":3,"23":3,"24":1,"25":1,"26":1,"27":8,"28":14},"b":{"0":[3,1],"1":[2,1],"2":[1,1],"3":[5,1],"4":[4,1],"5":[3,1],"6":[2,1],"7":[3,2],"8":[1,8],"9":[4,4],"10":[1,3],"11":[3,1],"12":[1,2],"13":[3,0],"14":[3,3,3,3],"15":[3,1],"16":[1,2],"17":[5,1],"18":[3,2],"19":[1,2],"20":[0,1],"21":[1,0],"22":[0,0],"23":[7,1],"24":[5,2],"25":[3,2],"26":[1,2]},"_coverageSchema":"1a1c01bbd47fc00a2c39e90264f33305004495a9","hash":"47b64af49fe4a67b680b3f7e27f3f280b3d8fe9e"}
,"/home/theosakram/Documents/JavaScript/phase3/w3-4/final project/server/logic/Turns.js": {"path":"/home/theosakram/Documents/JavaScript/phase3/w3-4/final project/server/logic/Turns.js","statementMap":{"0":{"start":{"line":3,"column":4},"end":{"line":3,"column":22}},"1":{"start":{"line":4,"column":4},"end":{"line":4,"column":32}},"2":{"start":{"line":8,"column":4},"end":{"line":10,"column":50}},"3":{"start":{"line":9,"column":6},"end":{"line":9,"column":32}},"4":{"start":{"line":10,"column":11},"end":{"line":10,"column":50}},"5":{"start":{"line":14,"column":4},"end":{"line":14,"column":39}},"6":{"start":{"line":18,"column":4},"end":{"line":20,"column":6}},"7":{"start":{"line":19,"column":6},"end":{"line":19,"column":64}},"8":{"start":{"line":24,"column":4},"end":{"line":24,"column":48}},"9":{"start":{"line":28,"column":4},"end":{"line":32,"column":5}},"10":{"start":{"line":29,"column":6},"end":{"line":29,"column":50}},"11":{"start":{"line":31,"column":6},"end":{"line":31,"column":50}},"12":{"start":{"line":36,"column":20},"end":{"line":38,"column":5}},"13":{"start":{"line":37,"column":18},"end":{"line":37,"column":54}},"14":{"start":{"line":39,"column":4},"end":{"line":41,"column":5}},"15":{"start":{"line":40,"column":6},"end":{"line":40,"column":24}},"16":{"start":{"line":45,"column":0},"end":{"line":45,"column":22}}},"fnMap":{"0":{"name":"(anonymous_0)","decl":{"start":{"line":2,"column":2},"end":{"line":2,"column":3}},"loc":{"start":{"line":2,"column":16},"end":{"line":5,"column":3}},"line":2},"1":{"name":"(anonymous_1)","decl":{"start":{"line":7,"column":2},"end":{"line":7,"column":3}},"loc":{"start":{"line":7,"column":17},"end":{"line":11,"column":3}},"line":7},"2":{"name":"(anonymous_2)","decl":{"start":{"line":13,"column":2},"end":{"line":13,"column":3}},"loc":{"start":{"line":13,"column":13},"end":{"line":15,"column":3}},"line":13},"3":{"name":"(anonymous_3)","decl":{"start":{"line":17,"column":2},"end":{"line":17,"column":3}},"loc":{"start":{"line":17,"column":13},"end":{"line":21,"column":3}},"line":17},"4":{"name":"(anonymous_4)","decl":{"start":{"line":18,"column":21},"end":{"line":18,"column":22}},"loc":{"start":{"line":19,"column":6},"end":{"line":19,"column":64}},"line":19},"5":{"name":"(anonymous_5)","decl":{"start":{"line":23,"column":2},"end":{"line":23,"column":3}},"loc":{"start":{"line":23,"column":15},"end":{"line":25,"column":3}},"line":23},"6":{"name":"(anonymous_6)","decl":{"start":{"line":27,"column":2},"end":{"line":27,"column":3}},"loc":{"start":{"line":27,"column":15},"end":{"line":33,"column":3}},"line":27},"7":{"name":"(anonymous_7)","decl":{"start":{"line":35,"column":2},"end":{"line":35,"column":3}},"loc":{"start":{"line":35,"column":14},"end":{"line":42,"column":3}},"line":35},"8":{"name":"(anonymous_8)","decl":{"start":{"line":37,"column":6},"end":{"line":37,"column":7}},"loc":{"start":{"line":37,"column":18},"end":{"line":37,"column":54}},"line":37}},"branchMap":{"0":{"loc":{"start":{"line":8,"column":4},"end":{"line":10,"column":50}},"type":"if","locations":[{"start":{"line":8,"column":4},"end":{"line":10,"column":50}},{"start":{"line":8,"column":4},"end":{"line":10,"column":50}}],"line":8},"1":{"loc":{"start":{"line":19,"column":6},"end":{"line":19,"column":64}},"type":"cond-expr","locations":[{"start":{"line":19,"column":28},"end":{"line":19,"column":43}},{"start":{"line":19,"column":48},"end":{"line":19,"column":63}}],"line":19},"2":{"loc":{"start":{"line":28,"column":4},"end":{"line":32,"column":5}},"type":"if","locations":[{"start":{"line":28,"column":4},"end":{"line":32,"column":5}},{"start":{"line":28,"column":4},"end":{"line":32,"column":5}}],"line":28},"3":{"loc":{"start":{"line":39,"column":4},"end":{"line":41,"column":5}},"type":"if","locations":[{"start":{"line":39,"column":4},"end":{"line":41,"column":5}},{"start":{"line":39,"column":4},"end":{"line":41,"column":5}}],"line":39}},"s":{"0":3,"1":3,"2":8,"3":6,"4":2,"5":3,"6":2,"7":4,"8":3,"9":5,"10":2,"11":3,"12":2,"13":4,"14":2,"15":1,"16":3},"f":{"0":3,"1":8,"2":3,"3":2,"4":4,"5":3,"6":5,"7":2,"8":4},"b":{"0":[6,2],"1":[2,2],"2":[2,3],"3":[1,1]},"_coverageSchema":"1a1c01bbd47fc00a2c39e90264f33305004495a9","hash":"16755210e7af64de755657019d3b905b17ab36d4"}
}
