TN:
SF:logic/Items.js
FN:2,(anonymous_0)
FN:8,(anonymous_1)
FN:14,(anonymous_2)
FN:20,(anonymous_3)
FNF:4
FNH:4
FNDA:24,(anonymous_0)
FNDA:8,(anonymous_1)
FNDA:8,(anonymous_2)
FNDA:8,(anonymous_3)
DA:3,24
DA:9,8
DA:15,8
DA:21,8
DA:25,8
LF:5
LH:5
BRF:0
BRH:0
end_of_record
TN:
SF:logic/LuxuryItems.js
FN:2,(anonymous_0)
FN:8,(anonymous_1)
FN:13,(anonymous_2)
FN:19,(anonymous_3)
FN:23,(anonymous_4)
FN:33,(anonymous_5)
FN:38,(anonymous_6)
FN:46,(anonymous_7)
FN:51,(anonymous_8)
FN:59,(anonymous_9)
FNF:10
FNH:10
FNDA:34,(anonymous_0)
FNDA:8,(anonymous_1)
FNDA:1,(anonymous_2)
FNDA:9,(anonymous_3)
FNDA:2,(anonymous_4)
FNDA:9,(anonymous_5)
FNDA:1,(anonymous_6)
FNDA:8,(anonymous_7)
FNDA:1,(anonymous_8)
FNDA:8,(anonymous_9)
DA:3,34
DA:9,8
DA:10,8
DA:14,1
DA:20,9
DA:21,9
DA:24,2
DA:25,4
DA:26,3
DA:34,9
DA:35,9
DA:39,1
DA:40,2
DA:47,8
DA:48,8
DA:52,1
DA:53,2
DA:60,8
DA:64,8
LF:19
LH:19
BRDA:25,0,0,3
BRDA:25,0,1,1
BRF:2
BRH:2
end_of_record
TN:
SF:logic/Module.js
FNF:0
FNH:0
DA:2,8
DA:4,8
DA:5,8
DA:6,8
DA:8,8
DA:17,8
DA:19,8
DA:20,8
DA:21,8
DA:22,8
DA:23,8
DA:25,8
DA:27,8
LF:13
LH:13
BRF:0
BRH:0
end_of_record
TN:
SF:logic/Player.js
FN:5,(anonymous_0)
FN:22,(anonymous_1)
FN:32,(anonymous_2)
FN:33,(anonymous_3)
FN:46,(anonymous_4)
FN:50,(anonymous_5)
FN:62,(anonymous_6)
FN:67,(anonymous_7)
FN:76,(anonymous_8)
FN:82,(anonymous_9)
FN:92,(anonymous_10)
FN:108,(anonymous_11)
FNF:12
FNH:12
FNDA:21,(anonymous_0)
FNDA:21,(anonymous_1)
FNDA:3,(anonymous_2)
FNDA:6,(anonymous_3)
FNDA:21,(anonymous_4)
FNDA:22,(anonymous_5)
FNDA:1,(anonymous_6)
FNDA:1,(anonymous_7)
FNDA:2,(anonymous_8)
FNDA:42,(anonymous_9)
FNDA:1,(anonymous_10)
FNDA:20,(anonymous_11)
DA:1,8
DA:2,8
DA:6,21
DA:7,21
DA:8,21
DA:9,21
DA:10,21
DA:11,21
DA:12,21
DA:13,21
DA:14,21
DA:15,21
DA:16,21
DA:17,21
DA:18,21
DA:19,21
DA:23,21
DA:24,63
DA:33,6
DA:34,3
DA:35,2
DA:36,2
DA:37,2
DA:39,0
DA:40,0
DA:41,0
DA:43,1
DA:47,21
DA:51,22
DA:63,1
DA:64,1
DA:68,1
DA:69,2
DA:70,0
DA:71,0
DA:77,2
DA:83,42
DA:84,42
DA:85,42
DA:86,42
DA:87,42
DA:88,42
DA:89,42
DA:93,1
DA:94,1
DA:95,1
DA:96,0
DA:97,0
DA:99,1
DA:100,1
DA:101,1
DA:102,0
DA:103,0
DA:104,1
DA:109,20
DA:110,20
DA:114,8
LF:57
LH:48
BRDA:34,0,0,2
BRDA:34,0,1,1
BRDA:35,1,0,2
BRDA:35,1,1,0
BRDA:35,2,0,2
BRDA:35,2,1,0
BRDA:47,3,0,8
BRDA:47,3,1,13
BRDA:51,4,0,21
BRDA:51,4,1,1
BRDA:53,5,0,1
BRDA:53,5,1,0
BRDA:55,6,0,0
BRDA:55,6,1,0
BRDA:57,7,0,0
BRDA:57,7,1,0
BRDA:69,8,0,0
BRDA:69,8,1,2
BRDA:94,9,0,1
BRDA:94,9,1,0
BRDA:95,10,0,0
BRDA:95,10,1,1
BRDA:100,11,0,1
BRDA:100,11,1,0
BRDA:101,12,0,0
BRDA:101,12,1,1
BRF:26
BRH:14
end_of_record
TN:
SF:logic/Tiles.js
FN:4,(anonymous_0)
FN:10,(anonymous_1)
FN:17,(anonymous_2)
FN:26,(anonymous_3)
FN:32,(anonymous_4)
FN:33,(anonymous_5)
FN:36,(anonymous_6)
FN:53,(anonymous_7)
FN:60,(anonymous_8)
FN:61,(anonymous_9)
FN:76,(anonymous_10)
FN:77,(anonymous_11)
FN:98,(anonymous_12)
FN:105,(anonymous_13)
FN:114,(anonymous_14)
FN:115,(anonymous_15)
FN:127,(anonymous_16)
FN:133,(anonymous_17)
FN:134,(anonymous_18)
FN:138,(anonymous_19)
FN:140,(anonymous_20)
FN:142,(anonymous_21)
FN:144,(anonymous_22)
FN:159,(anonymous_23)
FN:164,(anonymous_24)
FN:171,(anonymous_25)
FN:176,(anonymous_26)
FN:177,(anonymous_27)
FNF:28
FNH:28
FNDA:8,(anonymous_0)
FNDA:2,(anonymous_1)
FNDA:2,(anonymous_2)
FNDA:2,(anonymous_3)
FNDA:5,(anonymous_4)
FNDA:10,(anonymous_5)
FNDA:20,(anonymous_6)
FNDA:2,(anonymous_7)
FNDA:2,(anonymous_8)
FNDA:6,(anonymous_9)
FNDA:3,(anonymous_10)
FNDA:6,(anonymous_11)
FNDA:1,(anonymous_12)
FNDA:1,(anonymous_13)
FNDA:3,(anonymous_14)
FNDA:6,(anonymous_15)
FNDA:1,(anonymous_16)
FNDA:5,(anonymous_17)
FNDA:10,(anonymous_18)
FNDA:3,(anonymous_19)
FNDA:3,(anonymous_20)
FNDA:3,(anonymous_21)
FNDA:3,(anonymous_22)
FNDA:1,(anonymous_23)
FNDA:1,(anonymous_24)
FNDA:1,(anonymous_25)
FNDA:7,(anonymous_26)
FNDA:14,(anonymous_27)
DA:1,8
DA:5,8
DA:11,2
DA:12,2
DA:13,2
DA:14,2
DA:18,2
DA:19,1
DA:20,1
DA:22,1
DA:27,2
DA:28,10
DA:33,10
DA:34,5
DA:35,4
DA:36,20
DA:37,4
DA:38,3
DA:39,3
DA:41,3
DA:45,2
DA:47,1
DA:48,1
DA:54,2
DA:55,2
DA:56,2
DA:57,2
DA:61,2
DA:62,6
DA:63,6
DA:66,2
DA:67,6
DA:73,2
DA:77,6
DA:78,3
DA:79,1
DA:80,1
DA:81,3
DA:87,3
DA:88,3
DA:90,3
DA:93,2
DA:99,1
DA:100,1
DA:101,1
DA:102,1
DA:106,1
DA:107,3
DA:115,6
DA:116,3
DA:117,1
DA:118,1
DA:119,3
DA:120,3
DA:122,2
DA:128,1
DA:129,1
DA:130,1
DA:134,10
DA:135,5
DA:136,3
DA:137,1
DA:138,1
DA:139,3
DA:140,3
DA:142,1
DA:143,3
DA:144,3
DA:146,1
DA:147,0
DA:148,1
DA:149,0
DA:150,1
DA:151,1
DA:153,2
DA:154,2
DA:160,1
DA:161,1
DA:165,1
DA:166,1
DA:172,1
DA:173,1
DA:177,14
DA:178,7
DA:179,5
DA:180,3
DA:181,3
DA:182,1
DA:183,1
DA:184,1
DA:185,2
DA:186,2
DA:187,2
DA:191,8
LF:94
LH:92
BRDA:18,0,0,1
BRDA:18,0,1,1
BRDA:34,1,0,4
BRDA:34,1,1,1
BRDA:37,2,0,3
BRDA:37,2,1,1
BRDA:41,3,0,2
BRDA:41,3,1,1
BRDA:42,4,0,3
BRDA:42,4,1,2
BRDA:63,5,0,0
BRDA:63,5,1,6
BRDA:63,6,0,4
BRDA:63,6,1,2
BRDA:63,7,0,2
BRDA:63,7,1,0
BRDA:78,8,0,1
BRDA:78,8,1,2
BRDA:81,9,0,3
BRDA:81,9,1,0
BRDA:82,10,0,3
BRDA:82,10,1,3
BRDA:82,10,2,3
BRDA:82,10,3,3
BRDA:116,11,0,1
BRDA:116,11,1,2
BRDA:135,12,0,3
BRDA:135,12,1,2
BRDA:136,13,0,1
BRDA:136,13,1,2
BRDA:146,14,0,0
BRDA:146,14,1,1
BRDA:148,15,0,0
BRDA:148,15,1,1
BRDA:150,16,0,1
BRDA:150,16,1,0
BRDA:178,17,0,5
BRDA:178,17,1,2
BRDA:179,18,0,3
BRDA:179,18,1,2
BRDA:181,19,0,1
BRDA:181,19,1,2
BRF:42
BRH:36
end_of_record
