TN:
SF:logic/Items.js
FN:2,(anonymous_0)
FN:8,(anonymous_1)
FN:14,(anonymous_2)
FN:20,(anonymous_3)
FNF:4
FNH:4
FNDA:27,(anonymous_0)
FNDA:9,(anonymous_1)
FNDA:9,(anonymous_2)
FNDA:9,(anonymous_3)
DA:3,27
DA:9,9
DA:15,9
DA:21,9
DA:25,9
LF:5
LH:5
BRF:0
BRH:0
end_of_record
TN:
SF:logic/LuxuryItems.js
FN:2,(anonymous_0)
FN:8,(anonymous_1)
FN:13,(anonymous_2)
FN:19,(anonymous_3)
FN:23,(anonymous_4)
FN:31,(anonymous_5)
FN:36,(anonymous_6)
FN:44,(anonymous_7)
FN:49,(anonymous_8)
FN:57,(anonymous_9)
FNF:10
FNH:10
FNDA:39,(anonymous_0)
FNDA:9,(anonymous_1)
FNDA:1,(anonymous_2)
FNDA:11,(anonymous_3)
FNDA:3,(anonymous_4)
FNDA:10,(anonymous_5)
FNDA:1,(anonymous_6)
FNDA:9,(anonymous_7)
FNDA:1,(anonymous_8)
FNDA:9,(anonymous_9)
DA:3,39
DA:9,9
DA:10,9
DA:14,1
DA:20,11
DA:21,11
DA:24,3
DA:25,6
DA:32,10
DA:33,10
DA:37,1
DA:38,2
DA:45,9
DA:46,9
DA:50,1
DA:51,2
DA:58,9
DA:62,9
LF:18
LH:18
BRF:0
BRH:0
end_of_record
TN:
SF:logic/Module.js
FNF:0
FNH:0
DA:2,9
DA:4,9
DA:5,9
DA:6,9
DA:8,9
DA:17,9
DA:19,9
DA:20,9
DA:21,9
DA:22,9
DA:23,9
DA:25,9
DA:27,9
LF:13
LH:13
BRF:0
BRH:0
end_of_record
TN:
SF:logic/Player.js
FN:4,(anonymous_0)
FN:21,(anonymous_1)
FN:31,(anonymous_2)
FN:33,(anonymous_3)
FN:48,(anonymous_4)
FN:60,(anonymous_5)
FN:68,(anonymous_6)
FN:77,(anonymous_7)
FN:83,(anonymous_8)
FN:93,(anonymous_9)
FN:109,(anonymous_10)
FNF:11
FNH:11
FNDA:30,(anonymous_0)
FNDA:30,(anonymous_1)
FNDA:6,(anonymous_2)
FNDA:10,(anonymous_3)
FNDA:31,(anonymous_4)
FNDA:2,(anonymous_5)
FNDA:1,(anonymous_6)
FNDA:2,(anonymous_7)
FNDA:60,(anonymous_8)
FNDA:1,(anonymous_9)
FNDA:20,(anonymous_10)
DA:1,9
DA:5,30
DA:6,30
DA:7,30
DA:8,30
DA:9,30
DA:10,30
DA:11,30
DA:12,30
DA:13,30
DA:14,30
DA:15,30
DA:16,30
DA:17,30
DA:18,30
DA:22,30
DA:23,90
DA:32,6
DA:33,10
DA:34,5
DA:35,4
DA:36,2
DA:37,2
DA:39,2
DA:40,2
DA:41,2
DA:43,4
DA:44,1
DA:45,1
DA:49,31
DA:61,2
DA:62,1
DA:63,1
DA:64,1
DA:65,1
DA:69,1
DA:70,2
DA:71,0
DA:72,0
DA:78,2
DA:84,60
DA:85,60
DA:86,60
DA:87,60
DA:88,60
DA:89,60
DA:90,60
DA:94,1
DA:95,1
DA:96,1
DA:97,0
DA:98,0
DA:100,1
DA:101,1
DA:102,1
DA:103,0
DA:104,0
DA:110,20
DA:111,20
DA:115,9
LF:60
LH:54
BRDA:32,0,0,5
BRDA:32,0,1,1
BRDA:34,1,0,4
BRDA:34,1,1,1
BRDA:35,2,0,2
BRDA:35,2,1,2
BRDA:35,3,0,4
BRDA:35,3,1,2
BRDA:49,4,0,30
BRDA:49,4,1,1
BRDA:51,5,0,1
BRDA:51,5,1,0
BRDA:53,6,0,0
BRDA:53,6,1,0
BRDA:55,7,0,0
BRDA:55,7,1,0
BRDA:61,8,0,1
BRDA:61,8,1,1
BRDA:70,9,0,0
BRDA:70,9,1,2
BRDA:95,10,0,1
BRDA:95,10,1,0
BRDA:96,11,0,0
BRDA:96,11,1,1
BRDA:101,12,0,1
BRDA:101,12,1,0
BRDA:102,13,0,0
BRDA:102,13,1,1
BRF:28
BRH:18
end_of_record
TN:
SF:logic/Tiles.js
FN:4,(anonymous_0)
FN:10,(anonymous_1)
FN:17,(anonymous_2)
FN:19,(anonymous_3)
FN:31,(anonymous_4)
FN:37,(anonymous_5)
FN:39,(anonymous_6)
FN:42,(anonymous_7)
FN:63,(anonymous_8)
FN:70,(anonymous_9)
FN:71,(anonymous_10)
FN:86,(anonymous_11)
FN:88,(anonymous_12)
FN:111,(anonymous_13)
FN:118,(anonymous_14)
FN:127,(anonymous_15)
FN:129,(anonymous_16)
FN:143,(anonymous_17)
FN:149,(anonymous_18)
FN:151,(anonymous_19)
FN:155,(anonymous_20)
FN:157,(anonymous_21)
FN:159,(anonymous_22)
FN:161,(anonymous_23)
FN:181,(anonymous_24)
FN:186,(anonymous_25)
FN:193,(anonymous_26)
FN:198,(anonymous_27)
FN:200,(anonymous_28)
FNF:29
FNH:29
FNDA:10,(anonymous_0)
FNDA:3,(anonymous_1)
FNDA:4,(anonymous_2)
FNDA:6,(anonymous_3)
FNDA:3,(anonymous_4)
FNDA:6,(anonymous_5)
FNDA:10,(anonymous_6)
FNDA:20,(anonymous_7)
FNDA:3,(anonymous_8)
FNDA:3,(anonymous_9)
FNDA:9,(anonymous_10)
FNDA:4,(anonymous_11)
FNDA:6,(anonymous_12)
FNDA:1,(anonymous_13)
FNDA:1,(anonymous_14)
FNDA:4,(anonymous_15)
FNDA:6,(anonymous_16)
FNDA:1,(anonymous_17)
FNDA:6,(anonymous_18)
FNDA:10,(anonymous_19)
FNDA:3,(anonymous_20)
FNDA:3,(anonymous_21)
FNDA:3,(anonymous_22)
FNDA:3,(anonymous_23)
FNDA:1,(anonymous_24)
FNDA:1,(anonymous_25)
FNDA:1,(anonymous_26)
FNDA:8,(anonymous_27)
FNDA:14,(anonymous_28)
DA:1,8
DA:5,10
DA:11,3
DA:12,3
DA:13,3
DA:14,3
DA:18,4
DA:19,6
DA:20,3
DA:21,2
DA:22,1
DA:23,1
DA:24,1
DA:25,1
DA:26,1
DA:27,1
DA:28,1
DA:32,3
DA:33,15
DA:38,6
DA:39,10
DA:40,5
DA:41,4
DA:42,20
DA:44,4
DA:45,3
DA:46,3
DA:47,3
DA:48,3
DA:50,3
DA:54,2
DA:56,1
DA:57,1
DA:58,1
DA:64,3
DA:65,3
DA:66,3
DA:67,3
DA:71,3
DA:72,9
DA:73,9
DA:76,3
DA:77,9
DA:83,3
DA:87,4
DA:88,6
DA:89,3
DA:90,1
DA:91,1
DA:92,3
DA:98,3
DA:99,3
DA:101,3
DA:102,3
DA:105,2
DA:106,1
DA:112,1
DA:113,1
DA:114,1
DA:115,1
DA:119,1
DA:120,3
DA:128,4
DA:129,6
DA:130,3
DA:131,1
DA:132,1
DA:133,3
DA:134,3
DA:136,1
DA:137,2
DA:138,1
DA:144,1
DA:145,1
DA:146,1
DA:150,6
DA:151,10
DA:152,5
DA:153,3
DA:154,1
DA:155,1
DA:156,3
DA:157,3
DA:159,1
DA:160,3
DA:161,3
DA:163,1
DA:164,0
DA:165,0
DA:166,1
DA:167,1
DA:168,1
DA:169,0
DA:170,0
DA:173,1
DA:174,2
DA:175,2
DA:176,1
DA:182,1
DA:183,1
DA:187,1
DA:188,1
DA:194,1
DA:195,1
DA:199,8
DA:200,14
DA:201,7
DA:202,5
DA:203,3
DA:204,1
DA:205,1
DA:206,1
DA:207,1
DA:208,1
DA:209,2
DA:210,2
DA:211,2
DA:212,1
DA:216,8
LF:119
LH:115
BRDA:18,0,0,3
BRDA:18,0,1,1
BRDA:20,1,0,2
BRDA:20,1,1,1
BRDA:21,2,0,1
BRDA:21,2,1,1
BRDA:38,3,0,5
BRDA:38,3,1,1
BRDA:40,4,0,4
BRDA:40,4,1,1
BRDA:44,5,0,3
BRDA:44,5,1,1
BRDA:50,6,0,2
BRDA:50,6,1,1
BRDA:51,7,0,3
BRDA:51,7,1,2
BRDA:73,8,0,1
BRDA:73,8,1,8
BRDA:73,9,0,4
BRDA:73,9,1,4
BRDA:73,10,0,1
BRDA:73,10,1,3
BRDA:87,11,0,3
BRDA:87,11,1,1
BRDA:89,12,0,1
BRDA:89,12,1,2
BRDA:92,13,0,3
BRDA:92,13,1,0
BRDA:93,14,0,3
BRDA:93,14,1,3
BRDA:93,14,2,3
BRDA:93,14,3,3
BRDA:128,15,0,3
BRDA:128,15,1,1
BRDA:130,16,0,1
BRDA:130,16,1,2
BRDA:150,17,0,5
BRDA:150,17,1,1
BRDA:152,18,0,3
BRDA:152,18,1,2
BRDA:153,19,0,1
BRDA:153,19,1,2
BRDA:163,20,0,0
BRDA:163,20,1,1
BRDA:166,21,0,1
BRDA:166,21,1,0
BRDA:169,22,0,0
BRDA:169,22,1,0
BRDA:199,23,0,7
BRDA:199,23,1,1
BRDA:201,24,0,5
BRDA:201,24,1,2
BRDA:202,25,0,3
BRDA:202,25,1,2
BRDA:203,26,0,1
BRDA:203,26,1,2
BRF:56
BRH:51
end_of_record
TN:
SF:logic/Turns.js
FN:2,(anonymous_0)
FN:7,(anonymous_1)
FN:13,(anonymous_2)
FN:17,(anonymous_3)
FN:18,(anonymous_4)
FN:23,(anonymous_5)
FN:27,(anonymous_6)
FN:35,(anonymous_7)
FN:37,(anonymous_8)
FNF:9
FNH:9
FNDA:3,(anonymous_0)
FNDA:8,(anonymous_1)
FNDA:3,(anonymous_2)
FNDA:2,(anonymous_3)
FNDA:4,(anonymous_4)
FNDA:3,(anonymous_5)
FNDA:5,(anonymous_6)
FNDA:2,(anonymous_7)
FNDA:4,(anonymous_8)
DA:3,3
DA:4,3
DA:8,8
DA:9,6
DA:10,2
DA:14,3
DA:18,2
DA:19,4
DA:24,3
DA:28,5
DA:29,2
DA:31,3
DA:36,2
DA:37,4
DA:39,2
DA:40,1
DA:45,3
LF:17
LH:17
BRDA:8,0,0,6
BRDA:8,0,1,2
BRDA:19,1,0,2
BRDA:19,1,1,2
BRDA:28,2,0,2
BRDA:28,2,1,3
BRDA:39,3,0,1
BRDA:39,3,1,1
BRF:8
BRH:8
end_of_record
